[[1;34mINFO[m] Scanning for projects...
[[1;34mINFO[m] 
[[1;34mINFO[m] [1m------< [0;36mio.github.hiwepy:validation-regexp-spring-boot-starter[0;1m >-------[m
[[1;34mINFO[m] [1mBuilding io.github.hiwepy:validation-regexp-spring-boot-starter 2.3.x.20240823.RELEASE[m
[[1;34mINFO[m] [1m--------------------------------[ jar ]---------------------------------[m
Downloading from aiban-tianyin-core: https://aiban-maven.pkg.coding.net/repository/tianyin/core/jakarta-regexp/jakarta-regexp/1.4/jakarta-regexp-1.4.pom
Downloaded from aiban-tianyin-core: https://aiban-maven.pkg.coding.net/repository/tianyin/core/jakarta-regexp/jakarta-regexp/1.4/jakarta-regexp-1.4.pom (0 B at 0 B/s)
Downloading from aiban-tianyin-core: https://aiban-maven.pkg.coding.net/repository/tianyin/core/jakarta-regexp/jakarta-regexp/1.4/jakarta-regexp-1.4.jar
Downloaded from aiban-tianyin-core: https://aiban-maven.pkg.coding.net/repository/tianyin/core/jakarta-regexp/jakarta-regexp/1.4/jakarta-regexp-1.4.jar (0 B at 0 B/s)
[[1;34mINFO[m] 
[[1;34mINFO[m] [1m--- [0;32mmaven-clean-plugin:3.1.0:clean[m [1m(default-clean)[m @ [36mvalidation-regexp-spring-boot-starter[0;1m ---[m
[[1;34mINFO[m] Deleting /Users/wandl/workspaces/workspace-ddd4j/workspace-ddd4j-boot-starters/validation-regexp-spring-boot-starter/target
[[1;34mINFO[m] 
[[1;34mINFO[m] [1m--- [0;32mmaven-enforcer-plugin:3.0.0-M3:enforce[m [1m(default-cli)[m @ [36mvalidation-regexp-spring-boot-starter[0;1m ---[m
[[1;34mINFO[m] 
[[1;34mINFO[m] [1m--- [0;32mmaven-resources-plugin:3.1.0:resources[m [1m(default-resources)[m @ [36mvalidation-regexp-spring-boot-starter[0;1m ---[m
[[1;34mINFO[m] Using 'UTF-8' encoding to copy filtered resources.
[[1;34mINFO[m] Copying 0 resource
[[1;34mINFO[m] Copying 10 resources
[[1;34mINFO[m] 
[[1;34mINFO[m] [1m--- [0;32mmaven-compiler-plugin:3.8.1:compile[m [1m(default-compile)[m @ [36mvalidation-regexp-spring-boot-starter[0;1m ---[m
[[1;34mINFO[m] Changes detected - recompiling the module!
[[1;34mINFO[m] Compiling 12 source files to /Users/wandl/workspaces/workspace-ddd4j/workspace-ddd4j-boot-starters/validation-regexp-spring-boot-starter/target/classes
[[1;34mINFO[m] [1m------------------------------------------------------------------------[m
[[1;34mINFO[m] [1;31mBUILD FAILURE[m
[[1;34mINFO[m] [1m------------------------------------------------------------------------[m
[[1;34mINFO[m] Total time:  1.306 s
[[1;34mINFO[m] Finished at: 2026-03-16T14:20:12+08:00
[[1;34mINFO[m] [1m------------------------------------------------------------------------[m
[[1;31mERROR[m] Failed to execute goal [32morg.apache.maven.plugins:maven-compiler-plugin:3.8.1:compile[m [1m(default-compile)[m on project [36mvalidation-regexp-spring-boot-starter[m: [1;31mFatal error compiling[m: java.lang.IllegalAccessError: class lombok.javac.apt.LombokProcessor (in unnamed module @0x14590fe2) cannot access class com.sun.tools.javac.processing.JavacProcessingEnvironment (in module jdk.compiler) because module jdk.compiler does not export com.sun.tools.javac.processing to unnamed module @0x14590fe2 -> [1m[Help 1][m
[[1;31mERROR[m] 
[[1;31mERROR[m] To see the full stack trace of the errors, re-run Maven with the [1m-e[m switch.
[[1;31mERROR[m] Re-run Maven using the [1m-X[m switch to enable full debug logging.
[[1;31mERROR[m] 
[[1;31mERROR[m] For more information about the errors and possible solutions, please read the following articles:
[[1;31mERROR[m] [1m[Help 1][m http://cwiki.apache.org/confluence/display/MAVEN/MojoExecutionException
[validation-regexp-spring-boot-starter/2.3.x] 失败 - 查看日志
[[1;34mINFO[m] Scanning for projects...
[[1;34mINFO[m] 
[[1;34mINFO[m] [1m------< [0;36mio.github.hiwepy:validation-regexp-spring-boot-starter[0;1m >-------[m
[[1;34mINFO[m] [1mBuilding io.github.hiwepy:validation-regexp-spring-boot-starter 2.7.x.20240823.RELEASE[m
[[1;34mINFO[m] [1m--------------------------------[ jar ]---------------------------------[m
[[1;34mINFO[m] 
[[1;34mINFO[m] [1m--- [0;32mmaven-clean-plugin:3.2.0:clean[m [1m(default-clean)[m @ [36mvalidation-regexp-spring-boot-starter[0;1m ---[m
[[1;34mINFO[m] Deleting /Users/wandl/workspaces/workspace-ddd4j/workspace-ddd4j-boot-starters/validation-regexp-spring-boot-starter/target
[[1;34mINFO[m] 
[[1;34mINFO[m] [1m--- [0;32mmaven-enforcer-plugin:3.0.0:enforce[m [1m(default-cli)[m @ [36mvalidation-regexp-spring-boot-starter[0;1m ---[m
[[1;34mINFO[m] 
[[1;34mINFO[m] [1m--- [0;32mmaven-resources-plugin:3.1.0:resources[m [1m(default-resources)[m @ [36mvalidation-regexp-spring-boot-starter[0;1m ---[m
[[1;34mINFO[m] Using 'UTF-8' encoding to copy filtered resources.
[[1;34mINFO[m] Copying 0 resource
[[1;34mINFO[m] Copying 10 resources
[[1;34mINFO[m] 
[[1;34mINFO[m] [1m--- [0;32mmaven-compiler-plugin:3.10.1:compile[m [1m(default-compile)[m @ [36mvalidation-regexp-spring-boot-starter[0;1m ---[m
[[1;34mINFO[m] Changes detected - recompiling the module!
[[1;34mINFO[m] Compiling 12 source files to /Users/wandl/workspaces/workspace-ddd4j/workspace-ddd4j-boot-starters/validation-regexp-spring-boot-starter/target/classes
[[1;34mINFO[m] [1m------------------------------------------------------------------------[m
[[1;34mINFO[m] [1;31mBUILD FAILURE[m
[[1;34mINFO[m] [1m------------------------------------------------------------------------[m
[[1;34mINFO[m] Total time:  0.663 s
[[1;34mINFO[m] Finished at: 2026-03-16T14:20:14+08:00
[[1;34mINFO[m] [1m------------------------------------------------------------------------[m
[[1;31mERROR[m] Failed to execute goal [32morg.apache.maven.plugins:maven-compiler-plugin:3.10.1:compile[m [1m(default-compile)[m on project [36mvalidation-regexp-spring-boot-starter[m: [1;31mFatal error compiling[m: java.lang.NoSuchFieldError: Class com.sun.tools.javac.tree.JCTree$JCImport does not have member field 'com.sun.tools.javac.tree.JCTree qualid' -> [1m[Help 1][m
[[1;31mERROR[m] 
[[1;31mERROR[m] To see the full stack trace of the errors, re-run Maven with the [1m-e[m switch.
[[1;31mERROR[m] Re-run Maven using the [1m-X[m switch to enable full debug logging.
[[1;31mERROR[m] 
[[1;31mERROR[m] For more information about the errors and possible solutions, please read the following articles:
[[1;31mERROR[m] [1m[Help 1][m http://cwiki.apache.org/confluence/display/MAVEN/MojoExecutionException
[validation-regexp-spring-boot-starter/2.7.x] 失败 - 查看日志
[[1;34mINFO[m] Scanning for projects...
[[1;34mINFO[m] 
[[1;34mINFO[m] [1m------< [0;36mio.github.hiwepy:validation-regexp-spring-boot-starter[0;1m >-------[m
[[1;34mINFO[m] [1mBuilding io.github.hiwepy:validation-regexp-spring-boot-starter 3.0.x.20251227-SNAPSHOT[m
[[1;34mINFO[m] [1m--------------------------------[ jar ]---------------------------------[m
[[1;34mINFO[m] 
[[1;34mINFO[m] [1m--- [0;32mmaven-clean-plugin:3.4.0:clean[m [1m(default-clean)[m @ [36mvalidation-regexp-spring-boot-starter[0;1m ---[m
[[1;34mINFO[m] Deleting /Users/wandl/workspaces/workspace-ddd4j/workspace-ddd4j-boot-starters/validation-regexp-spring-boot-starter/target
[[1;34mINFO[m] 
[[1;34mINFO[m] [1m--- [0;32mmaven-enforcer-plugin:3.5.0:enforce[m [1m(default-cli)[m @ [36mvalidation-regexp-spring-boot-starter[0;1m ---[m
[[1;34mINFO[m] Rule 0: org.apache.maven.enforcer.rules.version.RequireMavenVersion passed
[[1;34mINFO[m] Rule 1: org.apache.maven.enforcer.rules.version.RequireJavaVersion passed
[[1;34mINFO[m] 
[[1;34mINFO[m] [1m--- [0;32mmaven-resources-plugin:3.3.1:resources[m [1m(default-resources)[m @ [36mvalidation-regexp-spring-boot-starter[0;1m ---[m
[[1;34mINFO[m] Copying 0 resource from src/main/resources to target/classes
[[1;34mINFO[m] Copying 8 resources from src/main/resources to target/classes
[[1;34mINFO[m] 
[[1;34mINFO[m] [1m--- [0;32mmaven-compiler-plugin:3.13.0:compile[m [1m(default-compile)[m @ [36mvalidation-regexp-spring-boot-starter[0;1m ---[m
[[1;34mINFO[m] Recompiling the module because of [1mchanged source code[m.
[[1;34mINFO[m] Compiling 12 source files with javac [debug parameters target 17] to target/classes
[[1;33mWARNING[m] 未与 -source 17 一起设置系统模块路径
[[1;34mINFO[m] 由于在类路径中发现了一个或多个处理程序，因此启用了
  批注处理。未来发行版的 javac 可能会禁用批注处理，
  除非至少按名称指定了一个处理程序 (-processor)，
  或指定了搜索路径 (--processor-path, --processor-module-path)，
  或显式启用了批注处理 (-proc:only, -proc:full)。
  可使用 -Xlint:-options 隐藏此消息。
  可使用 -proc:none 禁用批注处理。
[[1;34mINFO[m] 
[[1;34mINFO[m] [1m--- [0;32mmaven-resources-plugin:3.3.1:testResources[m [1m(default-testResources)[m @ [36mvalidation-regexp-spring-boot-starter[0;1m ---[m
[[1;34mINFO[m] Not copying test resources
[[1;34mINFO[m] 
[[1;34mINFO[m] [1m--- [0;32mmaven-compiler-plugin:3.13.0:testCompile[m [1m(default-testCompile)[m @ [36mvalidation-regexp-spring-boot-starter[0;1m ---[m
[[1;34mINFO[m] Not compiling test sources
[[1;34mINFO[m] 
[[1;34mINFO[m] [1m--- [0;32mmaven-surefire-plugin:3.5.0:test[m [1m(default-test)[m @ [36mvalidation-regexp-spring-boot-starter[0;1m ---[m
[[1;34mINFO[m] Tests are skipped.
[[1;34mINFO[m] 
[[1;34mINFO[m] [1m--- [0;32mmaven-jar-plugin:3.4.2:jar[m [1m(default-jar)[m @ [36mvalidation-regexp-spring-boot-starter[0;1m ---[m
[[1;34mINFO[m] Building jar: /Users/wandl/workspaces/workspace-ddd4j/workspace-ddd4j-boot-starters/validation-regexp-spring-boot-starter/target/validation-regexp-spring-boot-starter-3.0.x.20251227-SNAPSHOT.jar
[[1;34mINFO[m] 
[[1;34mINFO[m] [1m--- [0;32mmaven-source-plugin:3.3.1:jar-no-fork[m [1m(attach-sources)[m @ [36mvalidation-regexp-spring-boot-starter[0;1m ---[m
[[1;34mINFO[m] Building jar: /Users/wandl/workspaces/workspace-ddd4j/workspace-ddd4j-boot-starters/validation-regexp-spring-boot-starter/target/validation-regexp-spring-boot-starter-3.0.x.20251227-SNAPSHOT-sources.jar
[[1;34mINFO[m] 
[[1;34mINFO[m] [1m--- [0;32mmaven-install-plugin:3.1.3:install[m [1m(default-install)[m @ [36mvalidation-regexp-spring-boot-starter[0;1m ---[m
[[1;34mINFO[m] Installing /Users/wandl/workspaces/workspace-ddd4j/workspace-ddd4j-boot-starters/validation-regexp-spring-boot-starter/pom.xml to /Users/wandl/.m2/repository/com/github/hiwepy/validation-regexp-spring-boot-starter/3.0.x.20251227-SNAPSHOT/validation-regexp-spring-boot-starter-3.0.x.20251227-SNAPSHOT.pom
[[1;34mINFO[m] Installing /Users/wandl/workspaces/workspace-ddd4j/workspace-ddd4j-boot-starters/validation-regexp-spring-boot-starter/target/validation-regexp-spring-boot-starter-3.0.x.20251227-SNAPSHOT.jar to /Users/wandl/.m2/repository/com/github/hiwepy/validation-regexp-spring-boot-starter/3.0.x.20251227-SNAPSHOT/validation-regexp-spring-boot-starter-3.0.x.20251227-SNAPSHOT.jar
[[1;34mINFO[m] Installing /Users/wandl/workspaces/workspace-ddd4j/workspace-ddd4j-boot-starters/validation-regexp-spring-boot-starter/target/validation-regexp-spring-boot-starter-3.0.x.20251227-SNAPSHOT-sources.jar to /Users/wandl/.m2/repository/com/github/hiwepy/validation-regexp-spring-boot-starter/3.0.x.20251227-SNAPSHOT/validation-regexp-spring-boot-starter-3.0.x.20251227-SNAPSHOT-sources.jar
[[1;34mINFO[m] 
[[1;34mINFO[m] [1m--- [0;32mmaven-deploy-plugin:3.1.3:deploy[m [1m(default-deploy)[m @ [36mvalidation-regexp-spring-boot-starter[0;1m ---[m
[[1;34mINFO[m] Using alternate deployment repository maven-snapshots::default::https://packages.aliyun.com/5fdc0afd99b59ba3c5ead757/maven/maven-snapshots
[[1;33mWARNING[m] Using legacy syntax for alternative repository. Use "maven-snapshots::https://packages.aliyun.com/5fdc0afd99b59ba3c5ead757/maven/maven-snapshots" instead.
Downloading from maven-snapshots: https://packages.aliyun.com/5fdc0afd99b59ba3c5ead757/maven/maven-snapshots/com/github/hiwepy/validation-regexp-spring-boot-starter/3.0.x.20251227-SNAPSHOT/maven-metadata.xml
Uploading to maven-snapshots: https://packages.aliyun.com/5fdc0afd99b59ba3c5ead757/maven/maven-snapshots/com/github/hiwepy/validation-regexp-spring-boot-starter/3.0.x.20251227-SNAPSHOT/validation-regexp-spring-boot-starter-3.0.x.20251227-20260316.062015-1.pom
Progress (1): 4.1/15 kB
Progress (1): 8.2/15 kB
Progress (1): 12/15 kB 
Progress (1): 15 kB   
                   
Uploaded to maven-snapshots: https://packages.aliyun.com/5fdc0afd99b59ba3c5ead757/maven/maven-snapshots/com/github/hiwepy/validation-regexp-spring-boot-starter/3.0.x.20251227-SNAPSHOT/validation-regexp-spring-boot-starter-3.0.x.20251227-20260316.062015-1.pom (15 kB at 15 kB/s)
Uploading to maven-snapshots: https://packages.aliyun.com/5fdc0afd99b59ba3c5ead757/maven/maven-snapshots/com/github/hiwepy/validation-regexp-spring-boot-starter/3.0.x.20251227-SNAPSHOT/validation-regexp-spring-boot-starter-3.0.x.20251227-20260316.062015-1.jar
Progress (1): 4.1/34 kB
Progress (1): 8.2/34 kB
Progress (1): 12/34 kB 
Progress (1): 16/34 kB
Progress (1): 20/34 kB
Progress (1): 25/34 kB
Progress (1): 29/34 kB
Progress (1): 33/34 kB
Progress (1): 34 kB   
                   
Uploaded to maven-snapshots: https://packages.aliyun.com/5fdc0afd99b59ba3c5ead757/maven/maven-snapshots/com/github/hiwepy/validation-regexp-spring-boot-starter/3.0.x.20251227-SNAPSHOT/validation-regexp-spring-boot-starter-3.0.x.20251227-20260316.062015-1.jar (34 kB at 30 kB/s)
Uploading to maven-snapshots: https://packages.aliyun.com/5fdc0afd99b59ba3c5ead757/maven/maven-snapshots/com/github/hiwepy/validation-regexp-spring-boot-starter/3.0.x.20251227-SNAPSHOT/validation-regexp-spring-boot-starter-3.0.x.20251227-20260316.062015-1-sources.jar
Progress (1): 4.1/31 kB
Progress (1): 8.2/31 kB
Progress (1): 12/31 kB 
Progress (1): 16/31 kB
Progress (1): 20/31 kB
Progress (1): 25/31 kB
Progress (1): 29/31 kB
Progress (1): 31 kB   
                   
Uploaded to maven-snapshots: https://packages.aliyun.com/5fdc0afd99b59ba3c5ead757/maven/maven-snapshots/com/github/hiwepy/validation-regexp-spring-boot-starter/3.0.x.20251227-SNAPSHOT/validation-regexp-spring-boot-starter-3.0.x.20251227-20260316.062015-1-sources.jar (31 kB at 32 kB/s)
Downloading from maven-snapshots: https://packages.aliyun.com/5fdc0afd99b59ba3c5ead757/maven/maven-snapshots/com/github/hiwepy/validation-regexp-spring-boot-starter/maven-metadata.xml
Uploading to maven-snapshots: https://packages.aliyun.com/5fdc0afd99b59ba3c5ead757/maven/maven-snapshots/com/github/hiwepy/validation-regexp-spring-boot-starter/3.0.x.20251227-SNAPSHOT/maven-metadata.xml
Progress (1): 1.1 kB
                    
Uploaded to maven-snapshots: https://packages.aliyun.com/5fdc0afd99b59ba3c5ead757/maven/maven-snapshots/com/github/hiwepy/validation-regexp-spring-boot-starter/3.0.x.20251227-SNAPSHOT/maven-metadata.xml (1.1 kB at 961 B/s)
Uploading to maven-snapshots: https://packages.aliyun.com/5fdc0afd99b59ba3c5ead757/maven/maven-snapshots/com/github/hiwepy/validation-regexp-spring-boot-starter/maven-metadata.xml
Progress (1): 323 B
                   
Uploaded to maven-snapshots: https://packages.aliyun.com/5fdc0afd99b59ba3c5ead757/maven/maven-snapshots/com/github/hiwepy/validation-regexp-spring-boot-starter/maven-metadata.xml (323 B at 354 B/s)
[[1;34mINFO[m] [1m------------------------------------------------------------------------[m
[[1;34mINFO[m] [1;32mBUILD SUCCESS[m
[[1;34mINFO[m] [1m------------------------------------------------------------------------[m
[[1;34mINFO[m] Total time:  6.669 s
[[1;34mINFO[m] Finished at: 2026-03-16T14:20:21+08:00
[[1;34mINFO[m] [1m------------------------------------------------------------------------[m
[validation-regexp-spring-boot-starter/3.0.x] 成功
[[1;34mINFO[m] Scanning for projects...
[[1;34mINFO[m] 
[[1;34mINFO[m] [1m------< [0;36mio.github.hiwepy:validation-regexp-spring-boot-starter[0;1m >-------[m
[[1;34mINFO[m] [1mBuilding io.github.hiwepy:validation-regexp-spring-boot-starter 3.1.x.20251227-SNAPSHOT[m
[[1;34mINFO[m] [1m--------------------------------[ jar ]---------------------------------[m
[[1;34mINFO[m] 
[[1;34mINFO[m] [1m--- [0;32mmaven-clean-plugin:3.4.0:clean[m [1m(default-clean)[m @ [36mvalidation-regexp-spring-boot-starter[0;1m ---[m
[[1;34mINFO[m] Deleting /Users/wandl/workspaces/workspace-ddd4j/workspace-ddd4j-boot-starters/validation-regexp-spring-boot-starter/target
[[1;34mINFO[m] 
[[1;34mINFO[m] [1m--- [0;32mmaven-enforcer-plugin:3.5.0:enforce[m [1m(default-cli)[m @ [36mvalidation-regexp-spring-boot-starter[0;1m ---[m
[[1;34mINFO[m] Rule 0: org.apache.maven.enforcer.rules.version.RequireMavenVersion passed
[[1;34mINFO[m] Rule 1: org.apache.maven.enforcer.rules.version.RequireJavaVersion passed
[[1;34mINFO[m] 
[[1;34mINFO[m] [1m--- [0;32mmaven-resources-plugin:3.3.1:resources[m [1m(default-resources)[m @ [36mvalidation-regexp-spring-boot-starter[0;1m ---[m
[[1;34mINFO[m] Copying 0 resource from src/main/resources to target/classes
[[1;34mINFO[m] Copying 8 resources from src/main/resources to target/classes
[[1;34mINFO[m] 
[[1;34mINFO[m] [1m--- [0;32mmaven-compiler-plugin:3.13.0:compile[m [1m(default-compile)[m @ [36mvalidation-regexp-spring-boot-starter[0;1m ---[m
[[1;34mINFO[m] Recompiling the module because of [1mchanged source code[m.
[[1;34mINFO[m] Compiling 12 source files with javac [debug parameters release 17] to target/classes
[[1;34mINFO[m] 由于在类路径中发现了一个或多个处理程序，因此启用了
  批注处理。未来发行版的 javac 可能会禁用批注处理，
  除非至少按名称指定了一个处理程序 (-processor)，
  或指定了搜索路径 (--processor-path, --processor-module-path)，
  或显式启用了批注处理 (-proc:only, -proc:full)。
  可使用 -Xlint:-options 隐藏此消息。
  可使用 -proc:none 禁用批注处理。
[[1;34mINFO[m] 
[[1;34mINFO[m] [1m--- [0;32mmaven-resources-plugin:3.3.1:testResources[m [1m(default-testResources)[m @ [36mvalidation-regexp-spring-boot-starter[0;1m ---[m
[[1;34mINFO[m] Not copying test resources
[[1;34mINFO[m] 
[[1;34mINFO[m] [1m--- [0;32mmaven-compiler-plugin:3.13.0:testCompile[m [1m(default-testCompile)[m @ [36mvalidation-regexp-spring-boot-starter[0;1m ---[m
[[1;34mINFO[m] Not compiling test sources
[[1;34mINFO[m] 
[[1;34mINFO[m] [1m--- [0;32mmaven-surefire-plugin:3.5.0:test[m [1m(default-test)[m @ [36mvalidation-regexp-spring-boot-starter[0;1m ---[m
[[1;34mINFO[m] Tests are skipped.
[[1;34mINFO[m] 
[[1;34mINFO[m] [1m--- [0;32mmaven-jar-plugin:3.4.2:jar[m [1m(default-jar)[m @ [36mvalidation-regexp-spring-boot-starter[0;1m ---[m
[[1;34mINFO[m] Building jar: /Users/wandl/workspaces/workspace-ddd4j/workspace-ddd4j-boot-starters/validation-regexp-spring-boot-starter/target/validation-regexp-spring-boot-starter-3.1.x.20251227-SNAPSHOT.jar
[[1;34mINFO[m] 
[[1;34mINFO[m] [1m--- [0;32mmaven-source-plugin:3.3.1:jar-no-fork[m [1m(attach-sources)[m @ [36mvalidation-regexp-spring-boot-starter[0;1m ---[m
[[1;34mINFO[m] Building jar: /Users/wandl/workspaces/workspace-ddd4j/workspace-ddd4j-boot-starters/validation-regexp-spring-boot-starter/target/validation-regexp-spring-boot-starter-3.1.x.20251227-SNAPSHOT-sources.jar
[[1;34mINFO[m] 
[[1;34mINFO[m] [1m--- [0;32mmaven-install-plugin:3.1.3:install[m [1m(default-install)[m @ [36mvalidation-regexp-spring-boot-starter[0;1m ---[m
[[1;34mINFO[m] Installing /Users/wandl/workspaces/workspace-ddd4j/workspace-ddd4j-boot-starters/validation-regexp-spring-boot-starter/pom.xml to /Users/wandl/.m2/repository/com/github/hiwepy/validation-regexp-spring-boot-starter/3.1.x.20251227-SNAPSHOT/validation-regexp-spring-boot-starter-3.1.x.20251227-SNAPSHOT.pom
[[1;34mINFO[m] Installing /Users/wandl/workspaces/workspace-ddd4j/workspace-ddd4j-boot-starters/validation-regexp-spring-boot-starter/target/validation-regexp-spring-boot-starter-3.1.x.20251227-SNAPSHOT.jar to /Users/wandl/.m2/repository/com/github/hiwepy/validation-regexp-spring-boot-starter/3.1.x.20251227-SNAPSHOT/validation-regexp-spring-boot-starter-3.1.x.20251227-SNAPSHOT.jar
[[1;34mINFO[m] Installing /Users/wandl/workspaces/workspace-ddd4j/workspace-ddd4j-boot-starters/validation-regexp-spring-boot-starter/target/validation-regexp-spring-boot-starter-3.1.x.20251227-SNAPSHOT-sources.jar to /Users/wandl/.m2/repository/com/github/hiwepy/validation-regexp-spring-boot-starter/3.1.x.20251227-SNAPSHOT/validation-regexp-spring-boot-starter-3.1.x.20251227-SNAPSHOT-sources.jar
[[1;34mINFO[m] 
[[1;34mINFO[m] [1m--- [0;32mmaven-deploy-plugin:3.1.3:deploy[m [1m(default-deploy)[m @ [36mvalidation-regexp-spring-boot-starter[0;1m ---[m
[[1;34mINFO[m] Using alternate deployment repository maven-snapshots::default::https://packages.aliyun.com/5fdc0afd99b59ba3c5ead757/maven/maven-snapshots
[[1;33mWARNING[m] Using legacy syntax for alternative repository. Use "maven-snapshots::https://packages.aliyun.com/5fdc0afd99b59ba3c5ead757/maven/maven-snapshots" instead.
Downloading from maven-snapshots: https://packages.aliyun.com/5fdc0afd99b59ba3c5ead757/maven/maven-snapshots/com/github/hiwepy/validation-regexp-spring-boot-starter/3.1.x.20251227-SNAPSHOT/maven-metadata.xml
Uploading to maven-snapshots: https://packages.aliyun.com/5fdc0afd99b59ba3c5ead757/maven/maven-snapshots/com/github/hiwepy/validation-regexp-spring-boot-starter/3.1.x.20251227-SNAPSHOT/validation-regexp-spring-boot-starter-3.1.x.20251227-20260316.062023-1.pom
Progress (1): 4.1/15 kB
Progress (1): 8.2/15 kB
Progress (1): 12/15 kB 
Progress (1): 15 kB   
                   
Uploaded to maven-snapshots: https://packages.aliyun.com/5fdc0afd99b59ba3c5ead757/maven/maven-snapshots/com/github/hiwepy/validation-regexp-spring-boot-starter/3.1.x.20251227-SNAPSHOT/validation-regexp-spring-boot-starter-3.1.x.20251227-20260316.062023-1.pom (15 kB at 14 kB/s)
Uploading to maven-snapshots: https://packages.aliyun.com/5fdc0afd99b59ba3c5ead757/maven/maven-snapshots/com/github/hiwepy/validation-regexp-spring-boot-starter/3.1.x.20251227-SNAPSHOT/validation-regexp-spring-boot-starter-3.1.x.20251227-20260316.062023-1.jar
Progress (1): 4.1/34 kB
Progress (1): 8.2/34 kB
Progress (1): 12/34 kB 
Progress (1): 16/34 kB
Progress (1): 20/34 kB
Progress (1): 25/34 kB
Progress (1): 29/34 kB
Progress (1): 33/34 kB
Progress (1): 34 kB   
                   
Uploaded to maven-snapshots: https://packages.aliyun.com/5fdc0afd99b59ba3c5ead757/maven/maven-snapshots/com/github/hiwepy/validation-regexp-spring-boot-starter/3.1.x.20251227-SNAPSHOT/validation-regexp-spring-boot-starter-3.1.x.20251227-20260316.062023-1.jar (34 kB at 32 kB/s)
Uploading to maven-snapshots: https://packages.aliyun.com/5fdc0afd99b59ba3c5ead757/maven/maven-snapshots/com/github/hiwepy/validation-regexp-spring-boot-starter/3.1.x.20251227-SNAPSHOT/validation-regexp-spring-boot-starter-3.1.x.20251227-20260316.062023-1-sources.jar
Progress (1): 4.1/31 kB
Progress (1): 8.2/31 kB
Progress (1): 12/31 kB 
Progress (1): 16/31 kB
Progress (1): 20/31 kB
Progress (1): 25/31 kB
Progress (1): 29/31 kB
Progress (1): 31 kB   
                   
Uploaded to maven-snapshots: https://packages.aliyun.com/5fdc0afd99b59ba3c5ead757/maven/maven-snapshots/com/github/hiwepy/validation-regexp-spring-boot-starter/3.1.x.20251227-SNAPSHOT/validation-regexp-spring-boot-starter-3.1.x.20251227-20260316.062023-1-sources.jar (31 kB at 29 kB/s)
Downloading from maven-snapshots: https://packages.aliyun.com/5fdc0afd99b59ba3c5ead757/maven/maven-snapshots/com/github/hiwepy/validation-regexp-spring-boot-starter/maven-metadata.xml
Progress (1): 323 B
                   
Downloaded from maven-snapshots: https://packages.aliyun.com/5fdc0afd99b59ba3c5ead757/maven/maven-snapshots/com/github/hiwepy/validation-regexp-spring-boot-starter/maven-metadata.xml (323 B at 1.4 kB/s)
Uploading to maven-snapshots: https://packages.aliyun.com/5fdc0afd99b59ba3c5ead757/maven/maven-snapshots/com/github/hiwepy/validation-regexp-spring-boot-starter/3.1.x.20251227-SNAPSHOT/maven-metadata.xml
Progress (1): 1.1 kB
                    
Uploaded to maven-snapshots: https://packages.aliyun.com/5fdc0afd99b59ba3c5ead757/maven/maven-snapshots/com/github/hiwepy/validation-regexp-spring-boot-starter/3.1.x.20251227-SNAPSHOT/maven-metadata.xml (1.1 kB at 1.1 kB/s)
Uploading to maven-snapshots: https://packages.aliyun.com/5fdc0afd99b59ba3c5ead757/maven/maven-snapshots/com/github/hiwepy/validation-regexp-spring-boot-starter/maven-metadata.xml
Progress (1): 372 B
                   
Uploaded to maven-snapshots: https://packages.aliyun.com/5fdc0afd99b59ba3c5ead757/maven/maven-snapshots/com/github/hiwepy/validation-regexp-spring-boot-starter/maven-metadata.xml (372 B at 392 B/s)
[[1;34mINFO[m] [1m------------------------------------------------------------------------[m
[[1;34mINFO[m] [1;32mBUILD SUCCESS[m
[[1;34mINFO[m] [1m------------------------------------------------------------------------[m
[[1;34mINFO[m] Total time:  6.815 s
[[1;34mINFO[m] Finished at: 2026-03-16T14:20:28+08:00
[[1;34mINFO[m] [1m------------------------------------------------------------------------[m
[validation-regexp-spring-boot-starter/3.1.x] 成功
[[1;34mINFO[m] Scanning for projects...
[[1;34mINFO[m] 
[[1;34mINFO[m] [1m------< [0;36mio.github.hiwepy:validation-regexp-spring-boot-starter[0;1m >-------[m
[[1;34mINFO[m] [1mBuilding io.github.hiwepy:validation-regexp-spring-boot-starter 3.2.x.20251227-SNAPSHOT[m
[[1;34mINFO[m] [1m--------------------------------[ jar ]---------------------------------[m
[[1;34mINFO[m] 
[[1;34mINFO[m] [1m--- [0;32mmaven-clean-plugin:3.4.0:clean[m [1m(default-clean)[m @ [36mvalidation-regexp-spring-boot-starter[0;1m ---[m
[[1;34mINFO[m] Deleting /Users/wandl/workspaces/workspace-ddd4j/workspace-ddd4j-boot-starters/validation-regexp-spring-boot-starter/target
[[1;34mINFO[m] 
[[1;34mINFO[m] [1m--- [0;32mmaven-enforcer-plugin:3.5.0:enforce[m [1m(default-cli)[m @ [36mvalidation-regexp-spring-boot-starter[0;1m ---[m
[[1;34mINFO[m] Rule 0: org.apache.maven.enforcer.rules.version.RequireMavenVersion passed
[[1;34mINFO[m] Rule 1: org.apache.maven.enforcer.rules.version.RequireJavaVersion passed
[[1;34mINFO[m] 
[[1;34mINFO[m] [1m--- [0;32mmaven-resources-plugin:3.3.1:resources[m [1m(default-resources)[m @ [36mvalidation-regexp-spring-boot-starter[0;1m ---[m
[[1;34mINFO[m] Copying 0 resource from src/main/resources to target/classes
[[1;34mINFO[m] Copying 8 resources from src/main/resources to target/classes
[[1;34mINFO[m] 
[[1;34mINFO[m] [1m--- [0;32mmaven-compiler-plugin:3.13.0:compile[m [1m(default-compile)[m @ [36mvalidation-regexp-spring-boot-starter[0;1m ---[m
[[1;34mINFO[m] Recompiling the module because of [1mchanged source code[m.
[[1;34mINFO[m] Compiling 12 source files with javac [debug parameters release 17] to target/classes
[[1;34mINFO[m] 由于在类路径中发现了一个或多个处理程序，因此启用了
  批注处理。未来发行版的 javac 可能会禁用批注处理，
  除非至少按名称指定了一个处理程序 (-processor)，
  或指定了搜索路径 (--processor-path, --processor-module-path)，
  或显式启用了批注处理 (-proc:only, -proc:full)。
  可使用 -Xlint:-options 隐藏此消息。
  可使用 -proc:none 禁用批注处理。
[[1;34mINFO[m] 
[[1;34mINFO[m] [1m--- [0;32mmaven-resources-plugin:3.3.1:testResources[m [1m(default-testResources)[m @ [36mvalidation-regexp-spring-boot-starter[0;1m ---[m
[[1;34mINFO[m] Not copying test resources
[[1;34mINFO[m] 
[[1;34mINFO[m] [1m--- [0;32mmaven-compiler-plugin:3.13.0:testCompile[m [1m(default-testCompile)[m @ [36mvalidation-regexp-spring-boot-starter[0;1m ---[m
[[1;34mINFO[m] Not compiling test sources
[[1;34mINFO[m] 
[[1;34mINFO[m] [1m--- [0;32mmaven-surefire-plugin:3.5.0:test[m [1m(default-test)[m @ [36mvalidation-regexp-spring-boot-starter[0;1m ---[m
[[1;34mINFO[m] Tests are skipped.
[[1;34mINFO[m] 
[[1;34mINFO[m] [1m--- [0;32mmaven-jar-plugin:3.4.2:jar[m [1m(default-jar)[m @ [36mvalidation-regexp-spring-boot-starter[0;1m ---[m
[[1;34mINFO[m] Building jar: /Users/wandl/workspaces/workspace-ddd4j/workspace-ddd4j-boot-starters/validation-regexp-spring-boot-starter/target/validation-regexp-spring-boot-starter-3.2.x.20251227-SNAPSHOT.jar
[[1;34mINFO[m] 
[[1;34mINFO[m] [1m--- [0;32mmaven-source-plugin:3.3.1:jar-no-fork[m [1m(attach-sources)[m @ [36mvalidation-regexp-spring-boot-starter[0;1m ---[m
[[1;34mINFO[m] Building jar: /Users/wandl/workspaces/workspace-ddd4j/workspace-ddd4j-boot-starters/validation-regexp-spring-boot-starter/target/validation-regexp-spring-boot-starter-3.2.x.20251227-SNAPSHOT-sources.jar
[[1;34mINFO[m] 
[[1;34mINFO[m] [1m--- [0;32mmaven-install-plugin:3.1.3:install[m [1m(default-install)[m @ [36mvalidation-regexp-spring-boot-starter[0;1m ---[m
[[1;34mINFO[m] Installing /Users/wandl/workspaces/workspace-ddd4j/workspace-ddd4j-boot-starters/validation-regexp-spring-boot-starter/pom.xml to /Users/wandl/.m2/repository/com/github/hiwepy/validation-regexp-spring-boot-starter/3.2.x.20251227-SNAPSHOT/validation-regexp-spring-boot-starter-3.2.x.20251227-SNAPSHOT.pom
[[1;34mINFO[m] Installing /Users/wandl/workspaces/workspace-ddd4j/workspace-ddd4j-boot-starters/validation-regexp-spring-boot-starter/target/validation-regexp-spring-boot-starter-3.2.x.20251227-SNAPSHOT.jar to /Users/wandl/.m2/repository/com/github/hiwepy/validation-regexp-spring-boot-starter/3.2.x.20251227-SNAPSHOT/validation-regexp-spring-boot-starter-3.2.x.20251227-SNAPSHOT.jar
[[1;34mINFO[m] Installing /Users/wandl/workspaces/workspace-ddd4j/workspace-ddd4j-boot-starters/validation-regexp-spring-boot-starter/target/validation-regexp-spring-boot-starter-3.2.x.20251227-SNAPSHOT-sources.jar to /Users/wandl/.m2/repository/com/github/hiwepy/validation-regexp-spring-boot-starter/3.2.x.20251227-SNAPSHOT/validation-regexp-spring-boot-starter-3.2.x.20251227-SNAPSHOT-sources.jar
[[1;34mINFO[m] 
[[1;34mINFO[m] [1m--- [0;32mmaven-deploy-plugin:3.1.3:deploy[m [1m(default-deploy)[m @ [36mvalidation-regexp-spring-boot-starter[0;1m ---[m
[[1;34mINFO[m] Using alternate deployment repository maven-snapshots::default::https://packages.aliyun.com/5fdc0afd99b59ba3c5ead757/maven/maven-snapshots
[[1;33mWARNING[m] Using legacy syntax for alternative repository. Use "maven-snapshots::https://packages.aliyun.com/5fdc0afd99b59ba3c5ead757/maven/maven-snapshots" instead.
Downloading from maven-snapshots: https://packages.aliyun.com/5fdc0afd99b59ba3c5ead757/maven/maven-snapshots/com/github/hiwepy/validation-regexp-spring-boot-starter/3.2.x.20251227-SNAPSHOT/maven-metadata.xml
Uploading to maven-snapshots: https://packages.aliyun.com/5fdc0afd99b59ba3c5ead757/maven/maven-snapshots/com/github/hiwepy/validation-regexp-spring-boot-starter/3.2.x.20251227-SNAPSHOT/validation-regexp-spring-boot-starter-3.2.x.20251227-20260316.062030-1.pom
Progress (1): 4.1/15 kB
Progress (1): 8.2/15 kB
Progress (1): 12/15 kB 
Progress (1): 15 kB   
                   
Uploaded to maven-snapshots: https://packages.aliyun.com/5fdc0afd99b59ba3c5ead757/maven/maven-snapshots/com/github/hiwepy/validation-regexp-spring-boot-starter/3.2.x.20251227-SNAPSHOT/validation-regexp-spring-boot-starter-3.2.x.20251227-20260316.062030-1.pom (15 kB at 14 kB/s)
Uploading to maven-snapshots: https://packages.aliyun.com/5fdc0afd99b59ba3c5ead757/maven/maven-snapshots/com/github/hiwepy/validation-regexp-spring-boot-starter/3.2.x.20251227-SNAPSHOT/validation-regexp-spring-boot-starter-3.2.x.20251227-20260316.062030-1.jar
Progress (1): 4.1/34 kB
Progress (1): 8.2/34 kB
Progress (1): 12/34 kB 
Progress (1): 16/34 kB
Progress (1): 20/34 kB
Progress (1): 25/34 kB
Progress (1): 29/34 kB
Progress (1): 33/34 kB
Progress (1): 34 kB   
                   
Uploaded to maven-snapshots: https://packages.aliyun.com/5fdc0afd99b59ba3c5ead757/maven/maven-snapshots/com/github/hiwepy/validation-regexp-spring-boot-starter/3.2.x.20251227-SNAPSHOT/validation-regexp-spring-boot-starter-3.2.x.20251227-20260316.062030-1.jar (34 kB at 28 kB/s)
Uploading to maven-snapshots: https://packages.aliyun.com/5fdc0afd99b59ba3c5ead757/maven/maven-snapshots/com/github/hiwepy/validation-regexp-spring-boot-starter/3.2.x.20251227-SNAPSHOT/validation-regexp-spring-boot-starter-3.2.x.20251227-20260316.062030-1-sources.jar
Progress (1): 4.1/31 kB
Progress (1): 8.2/31 kB
Progress (1): 12/31 kB 
Progress (1): 16/31 kB
Progress (1): 20/31 kB
Progress (1): 25/31 kB
Progress (1): 29/31 kB
Progress (1): 31 kB   
                   
Uploaded to maven-snapshots: https://packages.aliyun.com/5fdc0afd99b59ba3c5ead757/maven/maven-snapshots/com/github/hiwepy/validation-regexp-spring-boot-starter/3.2.x.20251227-SNAPSHOT/validation-regexp-spring-boot-starter-3.2.x.20251227-20260316.062030-1-sources.jar (31 kB at 29 kB/s)
Downloading from maven-snapshots: https://packages.aliyun.com/5fdc0afd99b59ba3c5ead757/maven/maven-snapshots/com/github/hiwepy/validation-regexp-spring-boot-starter/maven-metadata.xml
Progress (1): 372 B
                   
Downloaded from maven-snapshots: https://packages.aliyun.com/5fdc0afd99b59ba3c5ead757/maven/maven-snapshots/com/github/hiwepy/validation-regexp-spring-boot-starter/maven-metadata.xml (372 B at 1.3 kB/s)
Uploading to maven-snapshots: https://packages.aliyun.com/5fdc0afd99b59ba3c5ead757/maven/maven-snapshots/com/github/hiwepy/validation-regexp-spring-boot-starter/3.2.x.20251227-SNAPSHOT/maven-metadata.xml
Progress (1): 1.1 kB
                    
Uploaded to maven-snapshots: https://packages.aliyun.com/5fdc0afd99b59ba3c5ead757/maven/maven-snapshots/com/github/hiwepy/validation-regexp-spring-boot-starter/3.2.x.20251227-SNAPSHOT/maven-metadata.xml (1.1 kB at 1.0 kB/s)
Uploading to maven-snapshots: https://packages.aliyun.com/5fdc0afd99b59ba3c5ead757/maven/maven-snapshots/com/github/hiwepy/validation-regexp-spring-boot-starter/maven-metadata.xml
Progress (1): 421 B
                   
Uploaded to maven-snapshots: https://packages.aliyun.com/5fdc0afd99b59ba3c5ead757/maven/maven-snapshots/com/github/hiwepy/validation-regexp-spring-boot-starter/maven-metadata.xml (421 B at 426 B/s)
[[1;34mINFO[m] [1m------------------------------------------------------------------------[m
[[1;34mINFO[m] [1;32mBUILD SUCCESS[m
[[1;34mINFO[m] [1m------------------------------------------------------------------------[m
[[1;34mINFO[m] Total time:  7.217 s
[[1;34mINFO[m] Finished at: 2026-03-16T14:20:36+08:00
[[1;34mINFO[m] [1m------------------------------------------------------------------------[m
[validation-regexp-spring-boot-starter/3.2.x] 成功
[[1;34mINFO[m] Scanning for projects...
[[1;34mINFO[m] 
[[1;34mINFO[m] [1m------< [0;36mio.github.hiwepy:validation-regexp-spring-boot-starter[0;1m >-------[m
[[1;34mINFO[m] [1mBuilding io.github.hiwepy:validation-regexp-spring-boot-starter 3.3.x.20251227-SNAPSHOT[m
[[1;34mINFO[m] [1m--------------------------------[ jar ]---------------------------------[m
[[1;34mINFO[m] 
[[1;34mINFO[m] [1m--- [0;32mmaven-clean-plugin:3.4.0:clean[m [1m(default-clean)[m @ [36mvalidation-regexp-spring-boot-starter[0;1m ---[m
[[1;34mINFO[m] Deleting /Users/wandl/workspaces/workspace-ddd4j/workspace-ddd4j-boot-starters/validation-regexp-spring-boot-starter/target
[[1;34mINFO[m] 
[[1;34mINFO[m] [1m--- [0;32mmaven-enforcer-plugin:3.5.0:enforce[m [1m(default-cli)[m @ [36mvalidation-regexp-spring-boot-starter[0;1m ---[m
[[1;34mINFO[m] Rule 0: org.apache.maven.enforcer.rules.version.RequireMavenVersion passed
[[1;34mINFO[m] Rule 1: org.apache.maven.enforcer.rules.version.RequireJavaVersion passed
[[1;34mINFO[m] 
[[1;34mINFO[m] [1m--- [0;32mmaven-resources-plugin:3.3.1:resources[m [1m(default-resources)[m @ [36mvalidation-regexp-spring-boot-starter[0;1m ---[m
[[1;34mINFO[m] Copying 0 resource from src/main/resources to target/classes
[[1;34mINFO[m] Copying 8 resources from src/main/resources to target/classes
[[1;34mINFO[m] 
[[1;34mINFO[m] [1m--- [0;32mmaven-compiler-plugin:3.13.0:compile[m [1m(default-compile)[m @ [36mvalidation-regexp-spring-boot-starter[0;1m ---[m
[[1;34mINFO[m] Recompiling the module because of [1mchanged source code[m.
[[1;34mINFO[m] Compiling 12 source files with javac [debug parameters release 17] to target/classes
[[1;34mINFO[m] 由于在类路径中发现了一个或多个处理程序，因此启用了
  批注处理。未来发行版的 javac 可能会禁用批注处理，
  除非至少按名称指定了一个处理程序 (-processor)，
  或指定了搜索路径 (--processor-path, --processor-module-path)，
  或显式启用了批注处理 (-proc:only, -proc:full)。
  可使用 -Xlint:-options 隐藏此消息。
  可使用 -proc:none 禁用批注处理。
[[1;34mINFO[m] 
[[1;34mINFO[m] [1m--- [0;32mmaven-resources-plugin:3.3.1:testResources[m [1m(default-testResources)[m @ [36mvalidation-regexp-spring-boot-starter[0;1m ---[m
[[1;34mINFO[m] Not copying test resources
[[1;34mINFO[m] 
[[1;34mINFO[m] [1m--- [0;32mmaven-compiler-plugin:3.13.0:testCompile[m [1m(default-testCompile)[m @ [36mvalidation-regexp-spring-boot-starter[0;1m ---[m
[[1;34mINFO[m] Not compiling test sources
[[1;34mINFO[m] 
[[1;34mINFO[m] [1m--- [0;32mmaven-surefire-plugin:3.5.0:test[m [1m(default-test)[m @ [36mvalidation-regexp-spring-boot-starter[0;1m ---[m
[[1;34mINFO[m] Tests are skipped.
[[1;34mINFO[m] 
[[1;34mINFO[m] [1m--- [0;32mmaven-jar-plugin:3.4.2:jar[m [1m(default-jar)[m @ [36mvalidation-regexp-spring-boot-starter[0;1m ---[m
[[1;34mINFO[m] Building jar: /Users/wandl/workspaces/workspace-ddd4j/workspace-ddd4j-boot-starters/validation-regexp-spring-boot-starter/target/validation-regexp-spring-boot-starter-3.3.x.20251227-SNAPSHOT.jar
[[1;34mINFO[m] 
[[1;34mINFO[m] [1m--- [0;32mmaven-source-plugin:3.3.1:jar-no-fork[m [1m(attach-sources)[m @ [36mvalidation-regexp-spring-boot-starter[0;1m ---[m
[[1;34mINFO[m] Building jar: /Users/wandl/workspaces/workspace-ddd4j/workspace-ddd4j-boot-starters/validation-regexp-spring-boot-starter/target/validation-regexp-spring-boot-starter-3.3.x.20251227-SNAPSHOT-sources.jar
[[1;34mINFO[m] 
[[1;34mINFO[m] [1m--- [0;32mmaven-install-plugin:3.1.3:install[m [1m(default-install)[m @ [36mvalidation-regexp-spring-boot-starter[0;1m ---[m
[[1;34mINFO[m] Installing /Users/wandl/workspaces/workspace-ddd4j/workspace-ddd4j-boot-starters/validation-regexp-spring-boot-starter/pom.xml to /Users/wandl/.m2/repository/com/github/hiwepy/validation-regexp-spring-boot-starter/3.3.x.20251227-SNAPSHOT/validation-regexp-spring-boot-starter-3.3.x.20251227-SNAPSHOT.pom
[[1;34mINFO[m] Installing /Users/wandl/workspaces/workspace-ddd4j/workspace-ddd4j-boot-starters/validation-regexp-spring-boot-starter/target/validation-regexp-spring-boot-starter-3.3.x.20251227-SNAPSHOT.jar to /Users/wandl/.m2/repository/com/github/hiwepy/validation-regexp-spring-boot-starter/3.3.x.20251227-SNAPSHOT/validation-regexp-spring-boot-starter-3.3.x.20251227-SNAPSHOT.jar
[[1;34mINFO[m] Installing /Users/wandl/workspaces/workspace-ddd4j/workspace-ddd4j-boot-starters/validation-regexp-spring-boot-starter/target/validation-regexp-spring-boot-starter-3.3.x.20251227-SNAPSHOT-sources.jar to /Users/wandl/.m2/repository/com/github/hiwepy/validation-regexp-spring-boot-starter/3.3.x.20251227-SNAPSHOT/validation-regexp-spring-boot-starter-3.3.x.20251227-SNAPSHOT-sources.jar
[[1;34mINFO[m] 
[[1;34mINFO[m] [1m--- [0;32mmaven-deploy-plugin:3.1.3:deploy[m [1m(default-deploy)[m @ [36mvalidation-regexp-spring-boot-starter[0;1m ---[m
[[1;34mINFO[m] Using alternate deployment repository maven-snapshots::default::https://packages.aliyun.com/5fdc0afd99b59ba3c5ead757/maven/maven-snapshots
[[1;33mWARNING[m] Using legacy syntax for alternative repository. Use "maven-snapshots::https://packages.aliyun.com/5fdc0afd99b59ba3c5ead757/maven/maven-snapshots" instead.
Downloading from maven-snapshots: https://packages.aliyun.com/5fdc0afd99b59ba3c5ead757/maven/maven-snapshots/com/github/hiwepy/validation-regexp-spring-boot-starter/3.3.x.20251227-SNAPSHOT/maven-metadata.xml
Uploading to maven-snapshots: https://packages.aliyun.com/5fdc0afd99b59ba3c5ead757/maven/maven-snapshots/com/github/hiwepy/validation-regexp-spring-boot-starter/3.3.x.20251227-SNAPSHOT/validation-regexp-spring-boot-starter-3.3.x.20251227-20260316.062038-1.pom
Progress (1): 4.1/15 kB
Progress (1): 8.2/15 kB
Progress (1): 12/15 kB 
Progress (1): 15 kB   
                   
Uploaded to maven-snapshots: https://packages.aliyun.com/5fdc0afd99b59ba3c5ead757/maven/maven-snapshots/com/github/hiwepy/validation-regexp-spring-boot-starter/3.3.x.20251227-SNAPSHOT/validation-regexp-spring-boot-starter-3.3.x.20251227-20260316.062038-1.pom (15 kB at 15 kB/s)
Uploading to maven-snapshots: https://packages.aliyun.com/5fdc0afd99b59ba3c5ead757/maven/maven-snapshots/com/github/hiwepy/validation-regexp-spring-boot-starter/3.3.x.20251227-SNAPSHOT/validation-regexp-spring-boot-starter-3.3.x.20251227-20260316.062038-1.jar
Progress (1): 4.1/34 kB
Progress (1): 8.2/34 kB
Progress (1): 12/34 kB 
Progress (1): 16/34 kB
Progress (1): 20/34 kB
Progress (1): 25/34 kB
Progress (1): 29/34 kB
Progress (1): 33/34 kB
Progress (1): 34 kB   
                   
Uploaded to maven-snapshots: https://packages.aliyun.com/5fdc0afd99b59ba3c5ead757/maven/maven-snapshots/com/github/hiwepy/validation-regexp-spring-boot-starter/3.3.x.20251227-SNAPSHOT/validation-regexp-spring-boot-starter-3.3.x.20251227-20260316.062038-1.jar (34 kB at 29 kB/s)
Uploading to maven-snapshots: https://packages.aliyun.com/5fdc0afd99b59ba3c5ead757/maven/maven-snapshots/com/github/hiwepy/validation-regexp-spring-boot-starter/3.3.x.20251227-SNAPSHOT/validation-regexp-spring-boot-starter-3.3.x.20251227-20260316.062038-1-sources.jar
Progress (1): 4.1/31 kB
Progress (1): 8.2/31 kB
Progress (1): 12/31 kB 
Progress (1): 16/31 kB
Progress (1): 20/31 kB
Progress (1): 25/31 kB
Progress (1): 29/31 kB
Progress (1): 31 kB   
                   
Uploaded to maven-snapshots: https://packages.aliyun.com/5fdc0afd99b59ba3c5ead757/maven/maven-snapshots/com/github/hiwepy/validation-regexp-spring-boot-starter/3.3.x.20251227-SNAPSHOT/validation-regexp-spring-boot-starter-3.3.x.20251227-20260316.062038-1-sources.jar (31 kB at 30 kB/s)
Downloading from maven-snapshots: https://packages.aliyun.com/5fdc0afd99b59ba3c5ead757/maven/maven-snapshots/com/github/hiwepy/validation-regexp-spring-boot-starter/maven-metadata.xml
Progress (1): 421 B
                   
Downloaded from maven-snapshots: https://packages.aliyun.com/5fdc0afd99b59ba3c5ead757/maven/maven-snapshots/com/github/hiwepy/validation-regexp-spring-boot-starter/maven-metadata.xml (421 B at 1.8 kB/s)
Uploading to maven-snapshots: https://packages.aliyun.com/5fdc0afd99b59ba3c5ead757/maven/maven-snapshots/com/github/hiwepy/validation-regexp-spring-boot-starter/3.3.x.20251227-SNAPSHOT/maven-metadata.xml
Progress (1): 1.1 kB
                    
Uploaded to maven-snapshots: https://packages.aliyun.com/5fdc0afd99b59ba3c5ead757/maven/maven-snapshots/com/github/hiwepy/validation-regexp-spring-boot-starter/3.3.x.20251227-SNAPSHOT/maven-metadata.xml (1.1 kB at 1.0 kB/s)
Uploading to maven-snapshots: https://packages.aliyun.com/5fdc0afd99b59ba3c5ead757/maven/maven-snapshots/com/github/hiwepy/validation-regexp-spring-boot-starter/maven-metadata.xml
Progress (1): 470 B
                   
Uploaded to maven-snapshots: https://packages.aliyun.com/5fdc0afd99b59ba3c5ead757/maven/maven-snapshots/com/github/hiwepy/validation-regexp-spring-boot-starter/maven-metadata.xml (470 B at 505 B/s)
[[1;34mINFO[m] [1m------------------------------------------------------------------------[m
[[1;34mINFO[m] [1;32mBUILD SUCCESS[m
[[1;34mINFO[m] [1m------------------------------------------------------------------------[m
[[1;34mINFO[m] Total time:  6.837 s
[[1;34mINFO[m] Finished at: 2026-03-16T14:20:43+08:00
[[1;34mINFO[m] [1m------------------------------------------------------------------------[m
[validation-regexp-spring-boot-starter/3.3.x] 成功
[[1;34mINFO[m] Scanning for projects...
[[1;34mINFO[m] 
[[1;34mINFO[m] [1m------< [0;36mio.github.hiwepy:validation-regexp-spring-boot-starter[0;1m >-------[m
[[1;34mINFO[m] [1mBuilding io.github.hiwepy:validation-regexp-spring-boot-starter 3.4.x.20251227-SNAPSHOT[m
[[1;34mINFO[m] [1m--------------------------------[ jar ]---------------------------------[m
[[1;34mINFO[m] 
[[1;34mINFO[m] [1m--- [0;32mmaven-clean-plugin:3.4.0:clean[m [1m(default-clean)[m @ [36mvalidation-regexp-spring-boot-starter[0;1m ---[m
[[1;34mINFO[m] Deleting /Users/wandl/workspaces/workspace-ddd4j/workspace-ddd4j-boot-starters/validation-regexp-spring-boot-starter/target
[[1;34mINFO[m] 
[[1;34mINFO[m] [1m--- [0;32mmaven-enforcer-plugin:3.5.0:enforce[m [1m(default-cli)[m @ [36mvalidation-regexp-spring-boot-starter[0;1m ---[m
[[1;34mINFO[m] Rule 0: org.apache.maven.enforcer.rules.version.RequireMavenVersion passed
[[1;34mINFO[m] Rule 1: org.apache.maven.enforcer.rules.version.RequireJavaVersion passed
[[1;34mINFO[m] 
[[1;34mINFO[m] [1m--- [0;32mmaven-resources-plugin:3.3.1:resources[m [1m(default-resources)[m @ [36mvalidation-regexp-spring-boot-starter[0;1m ---[m
[[1;34mINFO[m] Copying 0 resource from src/main/resources to target/classes
[[1;34mINFO[m] Copying 8 resources from src/main/resources to target/classes
[[1;34mINFO[m] 
[[1;34mINFO[m] [1m--- [0;32mmaven-compiler-plugin:3.13.0:compile[m [1m(default-compile)[m @ [36mvalidation-regexp-spring-boot-starter[0;1m ---[m
[[1;34mINFO[m] Recompiling the module because of [1mchanged source code[m.
[[1;34mINFO[m] Compiling 12 source files with javac [debug parameters release 17] to target/classes
[[1;34mINFO[m] 由于在类路径中发现了一个或多个处理程序，因此启用了
  批注处理。未来发行版的 javac 可能会禁用批注处理，
  除非至少按名称指定了一个处理程序 (-processor)，
  或指定了搜索路径 (--processor-path, --processor-module-path)，
  或显式启用了批注处理 (-proc:only, -proc:full)。
  可使用 -Xlint:-options 隐藏此消息。
  可使用 -proc:none 禁用批注处理。
[[1;34mINFO[m] 
[[1;34mINFO[m] [1m--- [0;32mmaven-resources-plugin:3.3.1:testResources[m [1m(default-testResources)[m @ [36mvalidation-regexp-spring-boot-starter[0;1m ---[m
[[1;34mINFO[m] Not copying test resources
[[1;34mINFO[m] 
[[1;34mINFO[m] [1m--- [0;32mmaven-compiler-plugin:3.13.0:testCompile[m [1m(default-testCompile)[m @ [36mvalidation-regexp-spring-boot-starter[0;1m ---[m
[[1;34mINFO[m] Not compiling test sources
[[1;34mINFO[m] 
[[1;34mINFO[m] [1m--- [0;32mmaven-surefire-plugin:3.5.0:test[m [1m(default-test)[m @ [36mvalidation-regexp-spring-boot-starter[0;1m ---[m
[[1;34mINFO[m] Tests are skipped.
[[1;34mINFO[m] 
[[1;34mINFO[m] [1m--- [0;32mmaven-jar-plugin:3.4.2:jar[m [1m(default-jar)[m @ [36mvalidation-regexp-spring-boot-starter[0;1m ---[m
[[1;34mINFO[m] Building jar: /Users/wandl/workspaces/workspace-ddd4j/workspace-ddd4j-boot-starters/validation-regexp-spring-boot-starter/target/validation-regexp-spring-boot-starter-3.4.x.20251227-SNAPSHOT.jar
[[1;34mINFO[m] 
[[1;34mINFO[m] [1m--- [0;32mmaven-source-plugin:3.3.1:jar-no-fork[m [1m(attach-sources)[m @ [36mvalidation-regexp-spring-boot-starter[0;1m ---[m
[[1;34mINFO[m] Building jar: /Users/wandl/workspaces/workspace-ddd4j/workspace-ddd4j-boot-starters/validation-regexp-spring-boot-starter/target/validation-regexp-spring-boot-starter-3.4.x.20251227-SNAPSHOT-sources.jar
[[1;34mINFO[m] 
[[1;34mINFO[m] [1m--- [0;32mmaven-install-plugin:3.1.3:install[m [1m(default-install)[m @ [36mvalidation-regexp-spring-boot-starter[0;1m ---[m
[[1;34mINFO[m] Installing /Users/wandl/workspaces/workspace-ddd4j/workspace-ddd4j-boot-starters/validation-regexp-spring-boot-starter/pom.xml to /Users/wandl/.m2/repository/com/github/hiwepy/validation-regexp-spring-boot-starter/3.4.x.20251227-SNAPSHOT/validation-regexp-spring-boot-starter-3.4.x.20251227-SNAPSHOT.pom
[[1;34mINFO[m] Installing /Users/wandl/workspaces/workspace-ddd4j/workspace-ddd4j-boot-starters/validation-regexp-spring-boot-starter/target/validation-regexp-spring-boot-starter-3.4.x.20251227-SNAPSHOT.jar to /Users/wandl/.m2/repository/com/github/hiwepy/validation-regexp-spring-boot-starter/3.4.x.20251227-SNAPSHOT/validation-regexp-spring-boot-starter-3.4.x.20251227-SNAPSHOT.jar
[[1;34mINFO[m] Installing /Users/wandl/workspaces/workspace-ddd4j/workspace-ddd4j-boot-starters/validation-regexp-spring-boot-starter/target/validation-regexp-spring-boot-starter-3.4.x.20251227-SNAPSHOT-sources.jar to /Users/wandl/.m2/repository/com/github/hiwepy/validation-regexp-spring-boot-starter/3.4.x.20251227-SNAPSHOT/validation-regexp-spring-boot-starter-3.4.x.20251227-SNAPSHOT-sources.jar
[[1;34mINFO[m] 
[[1;34mINFO[m] [1m--- [0;32mmaven-deploy-plugin:3.1.3:deploy[m [1m(default-deploy)[m @ [36mvalidation-regexp-spring-boot-starter[0;1m ---[m
[[1;34mINFO[m] Using alternate deployment repository maven-snapshots::default::https://packages.aliyun.com/5fdc0afd99b59ba3c5ead757/maven/maven-snapshots
[[1;33mWARNING[m] Using legacy syntax for alternative repository. Use "maven-snapshots::https://packages.aliyun.com/5fdc0afd99b59ba3c5ead757/maven/maven-snapshots" instead.
Downloading from maven-snapshots: https://packages.aliyun.com/5fdc0afd99b59ba3c5ead757/maven/maven-snapshots/com/github/hiwepy/validation-regexp-spring-boot-starter/3.4.x.20251227-SNAPSHOT/maven-metadata.xml
Uploading to maven-snapshots: https://packages.aliyun.com/5fdc0afd99b59ba3c5ead757/maven/maven-snapshots/com/github/hiwepy/validation-regexp-spring-boot-starter/3.4.x.20251227-SNAPSHOT/validation-regexp-spring-boot-starter-3.4.x.20251227-20260316.062045-1.pom
Progress (1): 4.1/15 kB
Progress (1): 8.2/15 kB
Progress (1): 12/15 kB 
Progress (1): 15 kB   
                   
Uploaded to maven-snapshots: https://packages.aliyun.com/5fdc0afd99b59ba3c5ead757/maven/maven-snapshots/com/github/hiwepy/validation-regexp-spring-boot-starter/3.4.x.20251227-SNAPSHOT/validation-regexp-spring-boot-starter-3.4.x.20251227-20260316.062045-1.pom (15 kB at 15 kB/s)
Uploading to maven-snapshots: https://packages.aliyun.com/5fdc0afd99b59ba3c5ead757/maven/maven-snapshots/com/github/hiwepy/validation-regexp-spring-boot-starter/3.4.x.20251227-SNAPSHOT/validation-regexp-spring-boot-starter-3.4.x.20251227-20260316.062045-1.jar
Progress (1): 4.1/34 kB
Progress (1): 8.2/34 kB
Progress (1): 12/34 kB 
Progress (1): 16/34 kB
Progress (1): 20/34 kB
Progress (1): 25/34 kB
Progress (1): 29/34 kB
Progress (1): 33/34 kB
Progress (1): 34 kB   
                   
Uploaded to maven-snapshots: https://packages.aliyun.com/5fdc0afd99b59ba3c5ead757/maven/maven-snapshots/com/github/hiwepy/validation-regexp-spring-boot-starter/3.4.x.20251227-SNAPSHOT/validation-regexp-spring-boot-starter-3.4.x.20251227-20260316.062045-1.jar (34 kB at 33 kB/s)
Uploading to maven-snapshots: https://packages.aliyun.com/5fdc0afd99b59ba3c5ead757/maven/maven-snapshots/com/github/hiwepy/validation-regexp-spring-boot-starter/3.4.x.20251227-SNAPSHOT/validation-regexp-spring-boot-starter-3.4.x.20251227-20260316.062045-1-sources.jar
Progress (1): 4.1/31 kB
Progress (1): 8.2/31 kB
Progress (1): 12/31 kB 
Progress (1): 16/31 kB
Progress (1): 20/31 kB
Progress (1): 25/31 kB
Progress (1): 29/31 kB
Progress (1): 31 kB   
                   
Uploaded to maven-snapshots: https://packages.aliyun.com/5fdc0afd99b59ba3c5ead757/maven/maven-snapshots/com/github/hiwepy/validation-regexp-spring-boot-starter/3.4.x.20251227-SNAPSHOT/validation-regexp-spring-boot-starter-3.4.x.20251227-20260316.062045-1-sources.jar (31 kB at 34 kB/s)
Downloading from maven-snapshots: https://packages.aliyun.com/5fdc0afd99b59ba3c5ead757/maven/maven-snapshots/com/github/hiwepy/validation-regexp-spring-boot-starter/maven-metadata.xml
Progress (1): 470 B
                   
Downloaded from maven-snapshots: https://packages.aliyun.com/5fdc0afd99b59ba3c5ead757/maven/maven-snapshots/com/github/hiwepy/validation-regexp-spring-boot-starter/maven-metadata.xml (470 B at 2.1 kB/s)
Uploading to maven-snapshots: https://packages.aliyun.com/5fdc0afd99b59ba3c5ead757/maven/maven-snapshots/com/github/hiwepy/validation-regexp-spring-boot-starter/3.4.x.20251227-SNAPSHOT/maven-metadata.xml
Progress (1): 1.1 kB
                    
Uploaded to maven-snapshots: https://packages.aliyun.com/5fdc0afd99b59ba3c5ead757/maven/maven-snapshots/com/github/hiwepy/validation-regexp-spring-boot-starter/3.4.x.20251227-SNAPSHOT/maven-metadata.xml (1.1 kB at 1.0 kB/s)
Uploading to maven-snapshots: https://packages.aliyun.com/5fdc0afd99b59ba3c5ead757/maven/maven-snapshots/com/github/hiwepy/validation-regexp-spring-boot-starter/maven-metadata.xml
Progress (1): 519 B
                   
Uploaded to maven-snapshots: https://packages.aliyun.com/5fdc0afd99b59ba3c5ead757/maven/maven-snapshots/com/github/hiwepy/validation-regexp-spring-boot-starter/maven-metadata.xml (519 B at 674 B/s)
[[1;34mINFO[m] [1m------------------------------------------------------------------------[m
[[1;34mINFO[m] [1;32mBUILD SUCCESS[m
[[1;34mINFO[m] [1m------------------------------------------------------------------------[m
[[1;34mINFO[m] Total time:  6.594 s
[[1;34mINFO[m] Finished at: 2026-03-16T14:20:50+08:00
[[1;34mINFO[m] [1m------------------------------------------------------------------------[m
[validation-regexp-spring-boot-starter/3.4.x] 成功
[[1;34mINFO[m] Scanning for projects...
[[1;34mINFO[m] 
[[1;34mINFO[m] [1m------< [0;36mio.github.hiwepy:validation-regexp-spring-boot-starter[0;1m >-------[m
[[1;34mINFO[m] [1mBuilding io.github.hiwepy:validation-regexp-spring-boot-starter 3.5.x.20251227-SNAPSHOT[m
[[1;34mINFO[m] [1m--------------------------------[ jar ]---------------------------------[m
[[1;34mINFO[m] 
[[1;34mINFO[m] [1m--- [0;32mmaven-clean-plugin:3.4.0:clean[m [1m(default-clean)[m @ [36mvalidation-regexp-spring-boot-starter[0;1m ---[m
[[1;34mINFO[m] Deleting /Users/wandl/workspaces/workspace-ddd4j/workspace-ddd4j-boot-starters/validation-regexp-spring-boot-starter/target
[[1;34mINFO[m] 
[[1;34mINFO[m] [1m--- [0;32mmaven-enforcer-plugin:3.5.0:enforce[m [1m(default-cli)[m @ [36mvalidation-regexp-spring-boot-starter[0;1m ---[m
[[1;34mINFO[m] Rule 0: org.apache.maven.enforcer.rules.version.RequireMavenVersion passed
[[1;34mINFO[m] Rule 1: org.apache.maven.enforcer.rules.version.RequireJavaVersion passed
[[1;34mINFO[m] 
[[1;34mINFO[m] [1m--- [0;32mmaven-resources-plugin:3.3.1:resources[m [1m(default-resources)[m @ [36mvalidation-regexp-spring-boot-starter[0;1m ---[m
[[1;34mINFO[m] Copying 0 resource from src/main/resources to target/classes
[[1;34mINFO[m] Copying 8 resources from src/main/resources to target/classes
[[1;34mINFO[m] 
[[1;34mINFO[m] [1m--- [0;32mmaven-compiler-plugin:3.13.0:compile[m [1m(default-compile)[m @ [36mvalidation-regexp-spring-boot-starter[0;1m ---[m
[[1;34mINFO[m] Recompiling the module because of [1mchanged source code[m.
[[1;34mINFO[m] Compiling 12 source files with javac [debug parameters release 17] to target/classes
[[1;34mINFO[m] 由于在类路径中发现了一个或多个处理程序，因此启用了
  批注处理。未来发行版的 javac 可能会禁用批注处理，
  除非至少按名称指定了一个处理程序 (-processor)，
  或指定了搜索路径 (--processor-path, --processor-module-path)，
  或显式启用了批注处理 (-proc:only, -proc:full)。
  可使用 -Xlint:-options 隐藏此消息。
  可使用 -proc:none 禁用批注处理。
[[1;34mINFO[m] 
[[1;34mINFO[m] [1m--- [0;32mmaven-resources-plugin:3.3.1:testResources[m [1m(default-testResources)[m @ [36mvalidation-regexp-spring-boot-starter[0;1m ---[m
[[1;34mINFO[m] Not copying test resources
[[1;34mINFO[m] 
[[1;34mINFO[m] [1m--- [0;32mmaven-compiler-plugin:3.13.0:testCompile[m [1m(default-testCompile)[m @ [36mvalidation-regexp-spring-boot-starter[0;1m ---[m
[[1;34mINFO[m] Not compiling test sources
[[1;34mINFO[m] 
[[1;34mINFO[m] [1m--- [0;32mmaven-surefire-plugin:3.5.0:test[m [1m(default-test)[m @ [36mvalidation-regexp-spring-boot-starter[0;1m ---[m
[[1;34mINFO[m] Tests are skipped.
[[1;34mINFO[m] 
[[1;34mINFO[m] [1m--- [0;32mmaven-jar-plugin:3.4.2:jar[m [1m(default-jar)[m @ [36mvalidation-regexp-spring-boot-starter[0;1m ---[m
[[1;34mINFO[m] Building jar: /Users/wandl/workspaces/workspace-ddd4j/workspace-ddd4j-boot-starters/validation-regexp-spring-boot-starter/target/validation-regexp-spring-boot-starter-3.5.x.20251227-SNAPSHOT.jar
[[1;34mINFO[m] 
[[1;34mINFO[m] [1m--- [0;32mmaven-source-plugin:3.3.1:jar-no-fork[m [1m(attach-sources)[m @ [36mvalidation-regexp-spring-boot-starter[0;1m ---[m
[[1;34mINFO[m] Building jar: /Users/wandl/workspaces/workspace-ddd4j/workspace-ddd4j-boot-starters/validation-regexp-spring-boot-starter/target/validation-regexp-spring-boot-starter-3.5.x.20251227-SNAPSHOT-sources.jar
[[1;34mINFO[m] 
[[1;34mINFO[m] [1m--- [0;32mmaven-install-plugin:3.1.3:install[m [1m(default-install)[m @ [36mvalidation-regexp-spring-boot-starter[0;1m ---[m
[[1;34mINFO[m] Installing /Users/wandl/workspaces/workspace-ddd4j/workspace-ddd4j-boot-starters/validation-regexp-spring-boot-starter/pom.xml to /Users/wandl/.m2/repository/com/github/hiwepy/validation-regexp-spring-boot-starter/3.5.x.20251227-SNAPSHOT/validation-regexp-spring-boot-starter-3.5.x.20251227-SNAPSHOT.pom
[[1;34mINFO[m] Installing /Users/wandl/workspaces/workspace-ddd4j/workspace-ddd4j-boot-starters/validation-regexp-spring-boot-starter/target/validation-regexp-spring-boot-starter-3.5.x.20251227-SNAPSHOT.jar to /Users/wandl/.m2/repository/com/github/hiwepy/validation-regexp-spring-boot-starter/3.5.x.20251227-SNAPSHOT/validation-regexp-spring-boot-starter-3.5.x.20251227-SNAPSHOT.jar
[[1;34mINFO[m] Installing /Users/wandl/workspaces/workspace-ddd4j/workspace-ddd4j-boot-starters/validation-regexp-spring-boot-starter/target/validation-regexp-spring-boot-starter-3.5.x.20251227-SNAPSHOT-sources.jar to /Users/wandl/.m2/repository/com/github/hiwepy/validation-regexp-spring-boot-starter/3.5.x.20251227-SNAPSHOT/validation-regexp-spring-boot-starter-3.5.x.20251227-SNAPSHOT-sources.jar
[[1;34mINFO[m] 
[[1;34mINFO[m] [1m--- [0;32mmaven-deploy-plugin:3.1.3:deploy[m [1m(default-deploy)[m @ [36mvalidation-regexp-spring-boot-starter[0;1m ---[m
[[1;34mINFO[m] Using alternate deployment repository maven-snapshots::default::https://packages.aliyun.com/5fdc0afd99b59ba3c5ead757/maven/maven-snapshots
[[1;33mWARNING[m] Using legacy syntax for alternative repository. Use "maven-snapshots::https://packages.aliyun.com/5fdc0afd99b59ba3c5ead757/maven/maven-snapshots" instead.
Downloading from maven-snapshots: https://packages.aliyun.com/5fdc0afd99b59ba3c5ead757/maven/maven-snapshots/com/github/hiwepy/validation-regexp-spring-boot-starter/3.5.x.20251227-SNAPSHOT/maven-metadata.xml
Uploading to maven-snapshots: https://packages.aliyun.com/5fdc0afd99b59ba3c5ead757/maven/maven-snapshots/com/github/hiwepy/validation-regexp-spring-boot-starter/3.5.x.20251227-SNAPSHOT/validation-regexp-spring-boot-starter-3.5.x.20251227-20260316.062052-1.pom
Progress (1): 4.1/15 kB
Progress (1): 8.2/15 kB
Progress (1): 12/15 kB 
Progress (1): 15 kB   
                   
Uploaded to maven-snapshots: https://packages.aliyun.com/5fdc0afd99b59ba3c5ead757/maven/maven-snapshots/com/github/hiwepy/validation-regexp-spring-boot-starter/3.5.x.20251227-SNAPSHOT/validation-regexp-spring-boot-starter-3.5.x.20251227-20260316.062052-1.pom (15 kB at 15 kB/s)
Uploading to maven-snapshots: https://packages.aliyun.com/5fdc0afd99b59ba3c5ead757/maven/maven-snapshots/com/github/hiwepy/validation-regexp-spring-boot-starter/3.5.x.20251227-SNAPSHOT/validation-regexp-spring-boot-starter-3.5.x.20251227-20260316.062052-1.jar
Progress (1): 4.1/34 kB
Progress (1): 8.2/34 kB
Progress (1): 12/34 kB 
Progress (1): 16/34 kB
Progress (1): 20/34 kB
Progress (1): 25/34 kB
Progress (1): 29/34 kB
Progress (1): 33/34 kB
Progress (1): 34 kB   
                   
Uploaded to maven-snapshots: https://packages.aliyun.com/5fdc0afd99b59ba3c5ead757/maven/maven-snapshots/com/github/hiwepy/validation-regexp-spring-boot-starter/3.5.x.20251227-SNAPSHOT/validation-regexp-spring-boot-starter-3.5.x.20251227-20260316.062052-1.jar (34 kB at 32 kB/s)
Uploading to maven-snapshots: https://packages.aliyun.com/5fdc0afd99b59ba3c5ead757/maven/maven-snapshots/com/github/hiwepy/validation-regexp-spring-boot-starter/3.5.x.20251227-SNAPSHOT/validation-regexp-spring-boot-starter-3.5.x.20251227-20260316.062052-1-sources.jar
Progress (1): 4.1/31 kB
Progress (1): 8.2/31 kB
Progress (1): 12/31 kB 
Progress (1): 16/31 kB
Progress (1): 20/31 kB
Progress (1): 25/31 kB
Progress (1): 29/31 kB
Progress (1): 31 kB   
                   
Uploaded to maven-snapshots: https://packages.aliyun.com/5fdc0afd99b59ba3c5ead757/maven/maven-snapshots/com/github/hiwepy/validation-regexp-spring-boot-starter/3.5.x.20251227-SNAPSHOT/validation-regexp-spring-boot-starter-3.5.x.20251227-20260316.062052-1-sources.jar (31 kB at 26 kB/s)
Downloading from maven-snapshots: https://packages.aliyun.com/5fdc0afd99b59ba3c5ead757/maven/maven-snapshots/com/github/hiwepy/validation-regexp-spring-boot-starter/maven-metadata.xml
Progress (1): 519 B
                   
Downloaded from maven-snapshots: https://packages.aliyun.com/5fdc0afd99b59ba3c5ead757/maven/maven-snapshots/com/github/hiwepy/validation-regexp-spring-boot-starter/maven-metadata.xml (519 B at 2.2 kB/s)
Uploading to maven-snapshots: https://packages.aliyun.com/5fdc0afd99b59ba3c5ead757/maven/maven-snapshots/com/github/hiwepy/validation-regexp-spring-boot-starter/3.5.x.20251227-SNAPSHOT/maven-metadata.xml
Progress (1): 1.1 kB
                    
Uploaded to maven-snapshots: https://packages.aliyun.com/5fdc0afd99b59ba3c5ead757/maven/maven-snapshots/com/github/hiwepy/validation-regexp-spring-boot-starter/3.5.x.20251227-SNAPSHOT/maven-metadata.xml (1.1 kB at 1.1 kB/s)
Uploading to maven-snapshots: https://packages.aliyun.com/5fdc0afd99b59ba3c5ead757/maven/maven-snapshots/com/github/hiwepy/validation-regexp-spring-boot-starter/maven-metadata.xml
Progress (1): 568 B
                   
Uploaded to maven-snapshots: https://packages.aliyun.com/5fdc0afd99b59ba3c5ead757/maven/maven-snapshots/com/github/hiwepy/validation-regexp-spring-boot-starter/maven-metadata.xml (568 B at 668 B/s)
[[1;34mINFO[m] [1m------------------------------------------------------------------------[m
[[1;34mINFO[m] [1;32mBUILD SUCCESS[m
[[1;34mINFO[m] [1m------------------------------------------------------------------------[m
[[1;34mINFO[m] Total time:  6.744 s
[[1;34mINFO[m] Finished at: 2026-03-16T14:20:57+08:00
[[1;34mINFO[m] [1m------------------------------------------------------------------------[m
[validation-regexp-spring-boot-starter/3.5.x] 成功
[[1;34mINFO[m] Scanning for projects...
[[1;34mINFO[m] 
[[1;34mINFO[m] [1m------< [0;36mio.github.hiwepy:validation-regexp-spring-boot-starter[0;1m >-------[m
[[1;34mINFO[m] [1mBuilding io.github.hiwepy:validation-regexp-spring-boot-starter 4.0.x.20251227-SNAPSHOT[m
[[1;34mINFO[m] [1m--------------------------------[ jar ]---------------------------------[m
[[1;34mINFO[m] 
[[1;34mINFO[m] [1m--- [0;32mmaven-clean-plugin:3.4.0:clean[m [1m(default-clean)[m @ [36mvalidation-regexp-spring-boot-starter[0;1m ---[m
[[1;34mINFO[m] Deleting /Users/wandl/workspaces/workspace-ddd4j/workspace-ddd4j-boot-starters/validation-regexp-spring-boot-starter/target
[[1;34mINFO[m] 
[[1;34mINFO[m] [1m--- [0;32mmaven-enforcer-plugin:3.5.0:enforce[m [1m(default-cli)[m @ [36mvalidation-regexp-spring-boot-starter[0;1m ---[m
[[1;34mINFO[m] Rule 0: org.apache.maven.enforcer.rules.version.RequireMavenVersion passed
[[1;34mINFO[m] Rule 1: org.apache.maven.enforcer.rules.version.RequireJavaVersion passed
[[1;34mINFO[m] 
[[1;34mINFO[m] [1m--- [0;32mmaven-resources-plugin:3.3.1:resources[m [1m(default-resources)[m @ [36mvalidation-regexp-spring-boot-starter[0;1m ---[m
[[1;34mINFO[m] Copying 0 resource from src/main/resources to target/classes
[[1;34mINFO[m] Copying 8 resources from src/main/resources to target/classes
[[1;34mINFO[m] 
[[1;34mINFO[m] [1m--- [0;32mmaven-compiler-plugin:3.13.0:compile[m [1m(default-compile)[m @ [36mvalidation-regexp-spring-boot-starter[0;1m ---[m
[[1;34mINFO[m] Recompiling the module because of [1mchanged source code[m.
[[1;34mINFO[m] Compiling 12 source files with javac [debug parameters release 17] to target/classes
[[1;34mINFO[m] 由于在类路径中发现了一个或多个处理程序，因此启用了
  批注处理。未来发行版的 javac 可能会禁用批注处理，
  除非至少按名称指定了一个处理程序 (-processor)，
  或指定了搜索路径 (--processor-path, --processor-module-path)，
  或显式启用了批注处理 (-proc:only, -proc:full)。
  可使用 -Xlint:-options 隐藏此消息。
  可使用 -proc:none 禁用批注处理。
[[1;34mINFO[m] 
[[1;34mINFO[m] [1m--- [0;32mmaven-resources-plugin:3.3.1:testResources[m [1m(default-testResources)[m @ [36mvalidation-regexp-spring-boot-starter[0;1m ---[m
[[1;34mINFO[m] Not copying test resources
[[1;34mINFO[m] 
[[1;34mINFO[m] [1m--- [0;32mmaven-compiler-plugin:3.13.0:testCompile[m [1m(default-testCompile)[m @ [36mvalidation-regexp-spring-boot-starter[0;1m ---[m
[[1;34mINFO[m] Not compiling test sources
[[1;34mINFO[m] 
[[1;34mINFO[m] [1m--- [0;32mmaven-surefire-plugin:3.5.0:test[m [1m(default-test)[m @ [36mvalidation-regexp-spring-boot-starter[0;1m ---[m
[[1;34mINFO[m] Tests are skipped.
[[1;34mINFO[m] 
[[1;34mINFO[m] [1m--- [0;32mmaven-jar-plugin:3.4.2:jar[m [1m(default-jar)[m @ [36mvalidation-regexp-spring-boot-starter[0;1m ---[m
[[1;34mINFO[m] Building jar: /Users/wandl/workspaces/workspace-ddd4j/workspace-ddd4j-boot-starters/validation-regexp-spring-boot-starter/target/validation-regexp-spring-boot-starter-4.0.x.20251227-SNAPSHOT.jar
[[1;34mINFO[m] 
[[1;34mINFO[m] [1m--- [0;32mmaven-source-plugin:3.3.1:jar-no-fork[m [1m(attach-sources)[m @ [36mvalidation-regexp-spring-boot-starter[0;1m ---[m
[[1;34mINFO[m] Building jar: /Users/wandl/workspaces/workspace-ddd4j/workspace-ddd4j-boot-starters/validation-regexp-spring-boot-starter/target/validation-regexp-spring-boot-starter-4.0.x.20251227-SNAPSHOT-sources.jar
[[1;34mINFO[m] 
[[1;34mINFO[m] [1m--- [0;32mmaven-install-plugin:3.1.3:install[m [1m(default-install)[m @ [36mvalidation-regexp-spring-boot-starter[0;1m ---[m
[[1;34mINFO[m] Installing /Users/wandl/workspaces/workspace-ddd4j/workspace-ddd4j-boot-starters/validation-regexp-spring-boot-starter/pom.xml to /Users/wandl/.m2/repository/com/github/hiwepy/validation-regexp-spring-boot-starter/4.0.x.20251227-SNAPSHOT/validation-regexp-spring-boot-starter-4.0.x.20251227-SNAPSHOT.pom
[[1;34mINFO[m] Installing /Users/wandl/workspaces/workspace-ddd4j/workspace-ddd4j-boot-starters/validation-regexp-spring-boot-starter/target/validation-regexp-spring-boot-starter-4.0.x.20251227-SNAPSHOT.jar to /Users/wandl/.m2/repository/com/github/hiwepy/validation-regexp-spring-boot-starter/4.0.x.20251227-SNAPSHOT/validation-regexp-spring-boot-starter-4.0.x.20251227-SNAPSHOT.jar
[[1;34mINFO[m] Installing /Users/wandl/workspaces/workspace-ddd4j/workspace-ddd4j-boot-starters/validation-regexp-spring-boot-starter/target/validation-regexp-spring-boot-starter-4.0.x.20251227-SNAPSHOT-sources.jar to /Users/wandl/.m2/repository/com/github/hiwepy/validation-regexp-spring-boot-starter/4.0.x.20251227-SNAPSHOT/validation-regexp-spring-boot-starter-4.0.x.20251227-SNAPSHOT-sources.jar
[[1;34mINFO[m] 
[[1;34mINFO[m] [1m--- [0;32mmaven-deploy-plugin:3.1.3:deploy[m [1m(default-deploy)[m @ [36mvalidation-regexp-spring-boot-starter[0;1m ---[m
[[1;34mINFO[m] Using alternate deployment repository maven-snapshots::default::https://packages.aliyun.com/5fdc0afd99b59ba3c5ead757/maven/maven-snapshots
[[1;33mWARNING[m] Using legacy syntax for alternative repository. Use "maven-snapshots::https://packages.aliyun.com/5fdc0afd99b59ba3c5ead757/maven/maven-snapshots" instead.
Downloading from maven-snapshots: https://packages.aliyun.com/5fdc0afd99b59ba3c5ead757/maven/maven-snapshots/com/github/hiwepy/validation-regexp-spring-boot-starter/4.0.x.20251227-SNAPSHOT/maven-metadata.xml
Uploading to maven-snapshots: https://packages.aliyun.com/5fdc0afd99b59ba3c5ead757/maven/maven-snapshots/com/github/hiwepy/validation-regexp-spring-boot-starter/4.0.x.20251227-SNAPSHOT/validation-regexp-spring-boot-starter-4.0.x.20251227-20260316.062059-1.pom
Progress (1): 4.1/15 kB
Progress (1): 8.2/15 kB
Progress (1): 12/15 kB 
Progress (1): 15 kB   
                   
Uploaded to maven-snapshots: https://packages.aliyun.com/5fdc0afd99b59ba3c5ead757/maven/maven-snapshots/com/github/hiwepy/validation-regexp-spring-boot-starter/4.0.x.20251227-SNAPSHOT/validation-regexp-spring-boot-starter-4.0.x.20251227-20260316.062059-1.pom (15 kB at 14 kB/s)
Uploading to maven-snapshots: https://packages.aliyun.com/5fdc0afd99b59ba3c5ead757/maven/maven-snapshots/com/github/hiwepy/validation-regexp-spring-boot-starter/4.0.x.20251227-SNAPSHOT/validation-regexp-spring-boot-starter-4.0.x.20251227-20260316.062059-1.jar
Progress (1): 4.1/34 kB
Progress (1): 8.2/34 kB
Progress (1): 12/34 kB 
Progress (1): 16/34 kB
Progress (1): 20/34 kB
Progress (1): 25/34 kB
Progress (1): 29/34 kB
Progress (1): 33/34 kB
Progress (1): 34 kB   
                   
Uploaded to maven-snapshots: https://packages.aliyun.com/5fdc0afd99b59ba3c5ead757/maven/maven-snapshots/com/github/hiwepy/validation-regexp-spring-boot-starter/4.0.x.20251227-SNAPSHOT/validation-regexp-spring-boot-starter-4.0.x.20251227-20260316.062059-1.jar (34 kB at 26 kB/s)
Uploading to maven-snapshots: https://packages.aliyun.com/5fdc0afd99b59ba3c5ead757/maven/maven-snapshots/com/github/hiwepy/validation-regexp-spring-boot-starter/4.0.x.20251227-SNAPSHOT/validation-regexp-spring-boot-starter-4.0.x.20251227-20260316.062059-1-sources.jar
Progress (1): 4.1/31 kB
Progress (1): 8.2/31 kB
Progress (1): 12/31 kB 
Progress (1): 16/31 kB
Progress (1): 20/31 kB
Progress (1): 25/31 kB
Progress (1): 29/31 kB
Progress (1): 31 kB   
                   
Uploaded to maven-snapshots: https://packages.aliyun.com/5fdc0afd99b59ba3c5ead757/maven/maven-snapshots/com/github/hiwepy/validation-regexp-spring-boot-starter/4.0.x.20251227-SNAPSHOT/validation-regexp-spring-boot-starter-4.0.x.20251227-20260316.062059-1-sources.jar (31 kB at 23 kB/s)
Downloading from maven-snapshots: https://packages.aliyun.com/5fdc0afd99b59ba3c5ead757/maven/maven-snapshots/com/github/hiwepy/validation-regexp-spring-boot-starter/maven-metadata.xml
Progress (1): 568 B
                   
Downloaded from maven-snapshots: https://packages.aliyun.com/5fdc0afd99b59ba3c5ead757/maven/maven-snapshots/com/github/hiwepy/validation-regexp-spring-boot-starter/maven-metadata.xml (568 B at 2.1 kB/s)
Uploading to maven-snapshots: https://packages.aliyun.com/5fdc0afd99b59ba3c5ead757/maven/maven-snapshots/com/github/hiwepy/validation-regexp-spring-boot-starter/4.0.x.20251227-SNAPSHOT/maven-metadata.xml
Progress (1): 1.1 kB
                    
Uploaded to maven-snapshots: https://packages.aliyun.com/5fdc0afd99b59ba3c5ead757/maven/maven-snapshots/com/github/hiwepy/validation-regexp-spring-boot-starter/4.0.x.20251227-SNAPSHOT/maven-metadata.xml (1.1 kB at 1.0 kB/s)
Uploading to maven-snapshots: https://packages.aliyun.com/5fdc0afd99b59ba3c5ead757/maven/maven-snapshots/com/github/hiwepy/validation-regexp-spring-boot-starter/maven-metadata.xml
Progress (1): 617 B
                   
Uploaded to maven-snapshots: https://packages.aliyun.com/5fdc0afd99b59ba3c5ead757/maven/maven-snapshots/com/github/hiwepy/validation-regexp-spring-boot-starter/maven-metadata.xml (617 B at 657 B/s)
[[1;34mINFO[m] [1m------------------------------------------------------------------------[m
[[1;34mINFO[m] [1;32mBUILD SUCCESS[m
[[1;34mINFO[m] [1m------------------------------------------------------------------------[m
[[1;34mINFO[m] Total time:  7.392 s
[[1;34mINFO[m] Finished at: 2026-03-16T14:21:05+08:00
[[1;34mINFO[m] [1m------------------------------------------------------------------------[m
[validation-regexp-spring-boot-starter/4.0.x] 成功
[[1;34mINFO[m] Scanning for projects...
[[1;34mINFO[m] 
[[1;34mINFO[m] [1m------< [0;36mio.github.hiwepy:validation-regexp-spring-boot-starter[0;1m >-------[m
[[1;34mINFO[m] [1mBuilding io.github.hiwepy:validation-regexp-spring-boot-starter 1.0.0-SNAPSHOT[m
[[1;34mINFO[m] [1m--------------------------------[ jar ]---------------------------------[m
[[1;34mINFO[m] 
[[1;34mINFO[m] [1m--- [0;32mmaven-clean-plugin:3.1.0:clean[m [1m(default-clean)[m @ [36mvalidation-regexp-spring-boot-starter[0;1m ---[m
[[1;34mINFO[m] Deleting /Users/wandl/workspaces/workspace-ddd4j/workspace-ddd4j-boot-starters/validation-regexp-spring-boot-starter/target
[[1;34mINFO[m] 
[[1;34mINFO[m] [1m--- [0;32mmaven-enforcer-plugin:3.0.0-M3:enforce[m [1m(default-cli)[m @ [36mvalidation-regexp-spring-boot-starter[0;1m ---[m
[[1;34mINFO[m] 
[[1;34mINFO[m] [1m--- [0;32mmaven-resources-plugin:3.1.0:resources[m [1m(default-resources)[m @ [36mvalidation-regexp-spring-boot-starter[0;1m ---[m
[[1;34mINFO[m] Using 'UTF-8' encoding to copy filtered resources.
[[1;34mINFO[m] Copying 0 resource
[[1;34mINFO[m] Copying 10 resources
[[1;34mINFO[m] 
[[1;34mINFO[m] [1m--- [0;32mmaven-compiler-plugin:3.8.1:compile[m [1m(default-compile)[m @ [36mvalidation-regexp-spring-boot-starter[0;1m ---[m
[[1;34mINFO[m] Changes detected - recompiling the module!
[[1;34mINFO[m] Compiling 12 source files to /Users/wandl/workspaces/workspace-ddd4j/workspace-ddd4j-boot-starters/validation-regexp-spring-boot-starter/target/classes
[[1;34mINFO[m] 
[[1;34mINFO[m] [1m--- [0;32mmaven-resources-plugin:3.1.0:testResources[m [1m(default-testResources)[m @ [36mvalidation-regexp-spring-boot-starter[0;1m ---[m
[[1;34mINFO[m] Not copying test resources
[[1;34mINFO[m] 
[[1;34mINFO[m] [1m--- [0;32mmaven-compiler-plugin:3.8.1:testCompile[m [1m(default-testCompile)[m @ [36mvalidation-regexp-spring-boot-starter[0;1m ---[m
[[1;34mINFO[m] Not compiling test sources
[[1;34mINFO[m] 
[[1;34mINFO[m] [1m--- [0;32mmaven-surefire-plugin:2.22.1:test[m [1m(default-test)[m @ [36mvalidation-regexp-spring-boot-starter[0;1m ---[m
[[1;34mINFO[m] Tests are skipped.
[[1;34mINFO[m] 
[[1;34mINFO[m] [1m--- [0;32mmaven-jar-plugin:3.1.1:jar[m [1m(default-jar)[m @ [36mvalidation-regexp-spring-boot-starter[0;1m ---[m
[[1;34mINFO[m] Building jar: /Users/wandl/workspaces/workspace-ddd4j/workspace-ddd4j-boot-starters/validation-regexp-spring-boot-starter/target/validation-regexp-spring-boot-starter-1.0.0-SNAPSHOT.jar
[[1;34mINFO[m] 
[[1;34mINFO[m] [1m--- [0;32mmaven-source-plugin:3.2.1:jar-no-fork[m [1m(attach-sources)[m @ [36mvalidation-regexp-spring-boot-starter[0;1m ---[m
[[1;34mINFO[m] Building jar: /Users/wandl/workspaces/workspace-ddd4j/workspace-ddd4j-boot-starters/validation-regexp-spring-boot-starter/target/validation-regexp-spring-boot-starter-1.0.0-SNAPSHOT-sources.jar
[[1;34mINFO[m] 
[[1;34mINFO[m] [1m--- [0;32mmaven-install-plugin:2.5.2:install[m [1m(default-install)[m @ [36mvalidation-regexp-spring-boot-starter[0;1m ---[m
[[1;34mINFO[m] Installing /Users/wandl/workspaces/workspace-ddd4j/workspace-ddd4j-boot-starters/validation-regexp-spring-boot-starter/target/validation-regexp-spring-boot-starter-1.0.0-SNAPSHOT.jar to /Users/wandl/.m2/repository/com/github/hiwepy/validation-regexp-spring-boot-starter/1.0.0-SNAPSHOT/validation-regexp-spring-boot-starter-1.0.0-SNAPSHOT.jar
[[1;34mINFO[m] Installing /Users/wandl/workspaces/workspace-ddd4j/workspace-ddd4j-boot-starters/validation-regexp-spring-boot-starter/pom.xml to /Users/wandl/.m2/repository/com/github/hiwepy/validation-regexp-spring-boot-starter/1.0.0-SNAPSHOT/validation-regexp-spring-boot-starter-1.0.0-SNAPSHOT.pom
[[1;34mINFO[m] Installing /Users/wandl/workspaces/workspace-ddd4j/workspace-ddd4j-boot-starters/validation-regexp-spring-boot-starter/target/validation-regexp-spring-boot-starter-1.0.0-SNAPSHOT-sources.jar to /Users/wandl/.m2/repository/com/github/hiwepy/validation-regexp-spring-boot-starter/1.0.0-SNAPSHOT/validation-regexp-spring-boot-starter-1.0.0-SNAPSHOT-sources.jar
[[1;34mINFO[m] 
[[1;34mINFO[m] [1m--- [0;32mmaven-deploy-plugin:2.8.2:deploy[m [1m(default-deploy)[m @ [36mvalidation-regexp-spring-boot-starter[0;1m ---[m
[[1;34mINFO[m] Using alternate deployment repository maven-snapshots::default::https://packages.aliyun.com/5fdc0afd99b59ba3c5ead757/maven/maven-snapshots
Downloading from maven-snapshots: https://packages.aliyun.com/5fdc0afd99b59ba3c5ead757/maven/maven-snapshots/com/github/hiwepy/validation-regexp-spring-boot-starter/1.0.0-SNAPSHOT/maven-metadata.xml
Uploading to maven-snapshots: https://packages.aliyun.com/5fdc0afd99b59ba3c5ead757/maven/maven-snapshots/com/github/hiwepy/validation-regexp-spring-boot-starter/1.0.0-SNAPSHOT/validation-regexp-spring-boot-starter-1.0.0-20260316.062107-1.jar
Progress (1): 4.1/35 kB
Progress (1): 8.2/35 kB
Progress (1): 12/35 kB 
Progress (1): 16/35 kB
Progress (1): 20/35 kB
Progress (1): 25/35 kB
Progress (1): 29/35 kB
Progress (1): 33/35 kB
Progress (1): 35 kB   
                   
Uploaded to maven-snapshots: https://packages.aliyun.com/5fdc0afd99b59ba3c5ead757/maven/maven-snapshots/com/github/hiwepy/validation-regexp-spring-boot-starter/1.0.0-SNAPSHOT/validation-regexp-spring-boot-starter-1.0.0-20260316.062107-1.jar (35 kB at 24 kB/s)
Uploading to maven-snapshots: https://packages.aliyun.com/5fdc0afd99b59ba3c5ead757/maven/maven-snapshots/com/github/hiwepy/validation-regexp-spring-boot-starter/1.0.0-SNAPSHOT/validation-regexp-spring-boot-starter-1.0.0-20260316.062107-1.pom
Progress (1): 4.1/17 kB
Progress (1): 8.2/17 kB
Progress (1): 12/17 kB 
Progress (1): 16/17 kB
Progress (1): 17 kB   
                   
Uploaded to maven-snapshots: https://packages.aliyun.com/5fdc0afd99b59ba3c5ead757/maven/maven-snapshots/com/github/hiwepy/validation-regexp-spring-boot-starter/1.0.0-SNAPSHOT/validation-regexp-spring-boot-starter-1.0.0-20260316.062107-1.pom (17 kB at 16 kB/s)
Downloading from maven-snapshots: https://packages.aliyun.com/5fdc0afd99b59ba3c5ead757/maven/maven-snapshots/com/github/hiwepy/validation-regexp-spring-boot-starter/maven-metadata.xml
Progress (1): 617 B
                   
Downloaded from maven-snapshots: https://packages.aliyun.com/5fdc0afd99b59ba3c5ead757/maven/maven-snapshots/com/github/hiwepy/validation-regexp-spring-boot-starter/maven-metadata.xml (617 B at 2.3 kB/s)
Uploading to maven-snapshots: https://packages.aliyun.com/5fdc0afd99b59ba3c5ead757/maven/maven-snapshots/com/github/hiwepy/validation-regexp-spring-boot-starter/1.0.0-SNAPSHOT/maven-metadata.xml
Progress (1): 804 B
                   
Uploaded to maven-snapshots: https://packages.aliyun.com/5fdc0afd99b59ba3c5ead757/maven/maven-snapshots/com/github/hiwepy/validation-regexp-spring-boot-starter/1.0.0-SNAPSHOT/maven-metadata.xml (804 B at 752 B/s)
Uploading to maven-snapshots: https://packages.aliyun.com/5fdc0afd99b59ba3c5ead757/maven/maven-snapshots/com/github/hiwepy/validation-regexp-spring-boot-starter/maven-metadata.xml
Progress (1): 657 B
                   
Uploaded to maven-snapshots: https://packages.aliyun.com/5fdc0afd99b59ba3c5ead757/maven/maven-snapshots/com/github/hiwepy/validation-regexp-spring-boot-starter/maven-metadata.xml (657 B at 676 B/s)
Uploading to maven-snapshots: https://packages.aliyun.com/5fdc0afd99b59ba3c5ead757/maven/maven-snapshots/com/github/hiwepy/validation-regexp-spring-boot-starter/1.0.0-SNAPSHOT/validation-regexp-spring-boot-starter-1.0.0-20260316.062107-1-sources.jar
Progress (1): 4.1/32 kB
Progress (1): 8.2/32 kB
Progress (1): 12/32 kB 
Progress (1): 16/32 kB
Progress (1): 20/32 kB
Progress (1): 25/32 kB
Progress (1): 29/32 kB
Progress (1): 32 kB   
                   
Uploaded to maven-snapshots: https://packages.aliyun.com/5fdc0afd99b59ba3c5ead757/maven/maven-snapshots/com/github/hiwepy/validation-regexp-spring-boot-starter/1.0.0-SNAPSHOT/validation-regexp-spring-boot-starter-1.0.0-20260316.062107-1-sources.jar (32 kB at 28 kB/s)
Uploading to maven-snapshots: https://packages.aliyun.com/5fdc0afd99b59ba3c5ead757/maven/maven-snapshots/com/github/hiwepy/validation-regexp-spring-boot-starter/1.0.0-SNAPSHOT/maven-metadata.xml
Progress (1): 1.0 kB
                    
Uploaded to maven-snapshots: https://packages.aliyun.com/5fdc0afd99b59ba3c5ead757/maven/maven-snapshots/com/github/hiwepy/validation-regexp-spring-boot-starter/1.0.0-SNAPSHOT/maven-metadata.xml (1.0 kB at 1.1 kB/s)
[[1;34mINFO[m] [1m------------------------------------------------------------------------[m
[[1;34mINFO[m] [1;32mBUILD SUCCESS[m
[[1;34mINFO[m] [1m------------------------------------------------------------------------[m
[[1;34mINFO[m] Total time:  8.433 s
[[1;34mINFO[m] Finished at: 2026-03-16T14:21:14+08:00
[[1;34mINFO[m] [1m------------------------------------------------------------------------[m
[validation-regexp-spring-boot-starter/master] 成功
